{"id":1645443466,"actors":{"37718":{"id":37718,"lastSeenTime":1645443464420,"testSessionId":1645443466,"type":"ACTOR1","tags":[],"_id":"8vDOKG27AQ8ZrE2q","ip":"::ffff:127.0.0.1","tests":[{"currentSegmentIndex":1,"segments":[{"index":0,"status":"completed","timeStarted":1645443470039,"timeCompleted":1645443470042,"result":"passed"},{"index":1,"status":"completed","timeStarted":1645443470051,"timeCompleted":1645443504470,"result":"passed"}],"name":"Mobile app test","path":"mobile","timeCompleted":null,"timeStarted":1645443470039}]}},"maxIterations":"1","currentIteration":1,"currentTestIndex":1,"currentSegmentIndex":0,"label":"Mobile_Test 7","result":"passed","status":"completed","tests":[{"actions":[{"action":"org.getopentest.appium.LaunchApp","actorType":"ACTOR1","args":{},"isCheckpoint":false,"description":"Launch the mobile app","durationMs":29383,"macroStack":[],"result":"passed","segment":1},{"action":"org.getopentest.appium.Tap","actorType":"ACTOR1","args":{"locator":{"xpath":"//*[@content-desc=\"Search Wikipedia\"]"}},"isCheckpoint":false,"description":"Click on Search Wikipedia button","durationMs":2160,"macroStack":[],"result":"passed","segment":1},{"action":"org.getopentest.appium.SendKeys","actorType":"ACTOR1","args":{"locator":{"id":"org.wikipedia.alpha:id/search_src_text"},"text":"BrowserStack"},"isCheckpoint":false,"description":"Enter Search Text","durationMs":2829,"macroStack":[],"result":"passed","segment":1}],"currentIteration":1,"currentSegmentIndex":0,"isDataDriven":false,"name":"Mobile app test","path":"mobile","result":"passed","status":"completed","segments":[{"index":0,"result":"passed","status":"completed","timeStarted":1645443470039,"timeCompleted":1645443470042},{"index":1,"result":"passed","status":"completed","timeStarted":1645443470051,"timeCompleted":1645443504470}],"tags":[],"timeStarted":1645443470039,"timeCompleted":1645443504470}],"timeCreated":1645443466262,"timeStarted":1645443470039,"timeCompleted":1645443504470,"lastActivity":1645443504469,"_id":"2hkWVnrtpzqOFFpO","actorTags":[],"environment":"","currentDataRecordIndex":-1}
{"id":1645284932,"actors":{"5153":{"id":5153,"lastSeenTime":1645284930691,"testSessionId":1645284932,"type":"ACTOR1","tags":[],"_id":"VmEvHuT0X0LEADpe","ip":"::ffff:127.0.0.1","tests":[{"currentSegmentIndex":1,"segments":[{"index":0,"status":"completed","timeStarted":1645284936290,"timeCompleted":1645284936292,"result":"passed"},{"index":1,"status":"completed","timeStarted":1645284936299,"timeCompleted":1645284946566,"result":"failed","stackTrace":"java.lang.RuntimeException: There was an error while executing action no. 1 (org.getopentest.appium.LaunchApp) in segment 1 of test mobile/Mobile app test.\nThe action definition was:\n{\n  \"action\": \"org.getopentest.appium.LaunchApp\",\n  \"description\": \"Launch the mobile app\"\n}\n\tat org.getopentest.base.TestActor.executeTestSegment(TestActor.java:2123)\n\tat org.getopentest.base.TestActor.runOneSession(TestActor.java:2981)\n\tat org.getopentest.base.TestActor.runOneSession(TestActor.java:3017)\n\tat org.getopentest.Main.main(Main.java:20)\nCaused by: java.lang.RuntimeException: Failed executing action org.getopentest.appium.LaunchApp (arguments not available because the current action instance was not populated)\n\tat org.getopentest.base.TestActor.executeActionByDef(TestActor.java:1821)\n\tat org.getopentest.base.TestActor.executeTestSegment(TestActor.java:2073)\n\t... 3 more\nCaused by: java.lang.RuntimeException: java.lang.reflect.InvocationTargetException\n\tat org.getopentest.base.TestActor.executeActionByClassName(TestActor.java:1626)\n\tat org.getopentest.base.TestActor.executeActionByDef(TestActor.java:1705)\n\t... 4 more\nCaused by: java.lang.reflect.InvocationTargetException\n\tat sun.reflect.NativeConstructorAccessorImpl.newInstance0(Native Method)\n\tat sun.reflect.NativeConstructorAccessorImpl.newInstance(NativeConstructorAccessorImpl.java:62)\n\tat sun.reflect.DelegatingConstructorAccessorImpl.newInstance(DelegatingConstructorAccessorImpl.java:45)\n\tat java.lang.reflect.Constructor.newInstance(Constructor.java:423)\n\tat org.getopentest.base.TestActor.executeActionByClassName(TestActor.java:1601)\n\t... 5 more\nCaused by: java.lang.RuntimeException: The \"platformName\" capability was not populated in configuration. Please provide a value for it in the \"appium.desiredCapabilities.platformName\" key. The valid values are \"iOS\" or \"Android\".\n\tat org.getopentest.appium.core.AppiumHelper.createDriver(AppiumHelper.java:76)\n\tat org.getopentest.appium.core.AppiumHelper.createDriverWithRetries(AppiumHelper.java:127)\n\tat org.getopentest.appium.core.AppiumHelper.getDriver(AppiumHelper.java:198)\n\tat org.getopentest.appium.core.AppiumTestAction.<init>(AppiumTestAction.java:53)\n\tat org.getopentest.appium.LaunchApp.<init>(LaunchApp.java:14)\n\t... 10 more\n"}],"name":"Mobile app test","path":"mobile","timeCompleted":null,"timeStarted":1645284936290}]}},"maxIterations":"1","currentIteration":1,"currentTestIndex":1,"currentSegmentIndex":0,"label":"Mobile_Test 3","result":"failed","status":"completed","tests":[{"actions":[{"action":"org.getopentest.appium.LaunchApp","actorType":"ACTOR1","args":{},"isCheckpoint":false,"description":"Launch the mobile app","durationMs":10196,"macroStack":[],"result":"failed","segment":1,"stackTrace":"java.lang.RuntimeException: java.lang.reflect.InvocationTargetException\n\tat org.getopentest.base.TestActor.executeActionByClassName(TestActor.java:1626)\n\tat org.getopentest.base.TestActor.executeActionByDef(TestActor.java:1705)\n\tat org.getopentest.base.TestActor.executeTestSegment(TestActor.java:2073)\n\tat org.getopentest.base.TestActor.runOneSession(TestActor.java:2981)\n\tat org.getopentest.base.TestActor.runOneSession(TestActor.java:3017)\n\tat org.getopentest.Main.main(Main.java:20)\nCaused by: java.lang.reflect.InvocationTargetException\n\tat sun.reflect.NativeConstructorAccessorImpl.newInstance0(Native Method)\n\tat sun.reflect.NativeConstructorAccessorImpl.newInstance(NativeConstructorAccessorImpl.java:62)\n\tat sun.reflect.DelegatingConstructorAccessorImpl.newInstance(DelegatingConstructorAccessorImpl.java:45)\n\tat java.lang.reflect.Constructor.newInstance(Constructor.java:423)\n\tat org.getopentest.base.TestActor.executeActionByClassName(TestActor.java:1601)\n\t... 5 more\nCaused by: java.lang.RuntimeException: The \"platformName\" capability was not populated in configuration. Please provide a value for it in the \"appium.desiredCapabilities.platformName\" key. The valid values are \"iOS\" or \"Android\".\n\tat org.getopentest.appium.core.AppiumHelper.createDriver(AppiumHelper.java:76)\n\tat org.getopentest.appium.core.AppiumHelper.createDriverWithRetries(AppiumHelper.java:127)\n\tat org.getopentest.appium.core.AppiumHelper.getDriver(AppiumHelper.java:198)\n\tat org.getopentest.appium.core.AppiumTestAction.<init>(AppiumTestAction.java:53)\n\tat org.getopentest.appium.LaunchApp.<init>(LaunchApp.java:14)\n\t... 10 more\n"}],"currentIteration":1,"currentSegmentIndex":0,"isDataDriven":false,"name":"Mobile app test","path":"mobile","result":"failed","status":"completed","segments":[{"index":0,"result":"passed","status":"completed","timeStarted":1645284936290,"timeCompleted":1645284936292},{"index":1,"result":"failed","status":"completed","timeStarted":1645284936299,"timeCompleted":1645284946566}],"tags":[],"timeStarted":1645284936290,"timeCompleted":1645284946566}],"timeCreated":1645284931730,"timeStarted":1645284936290,"timeCompleted":1645284946566,"lastActivity":1645284946566,"_id":"3hgYVEbmMB21a6Yk","actorTags":[],"environment":"","currentDataRecordIndex":-1}
{"id":1645158112,"actors":{"48416":{"id":48416,"lastSeenTime":1645158110119,"testSessionId":1645158112,"type":"ACTOR1","tags":[],"_id":"bZG8hsvDNQsUt0iE","ip":"::ffff:127.0.0.1","tests":[{"currentSegmentIndex":1,"segments":[{"index":0,"status":"completed","timeStarted":1645158115743,"timeCompleted":1645158115746,"result":"passed"},{"index":1,"status":"completed","timeStarted":1645158115756,"timeCompleted":1645158147416,"result":"failed","stackTrace":"java.lang.RuntimeException: There was an error while executing action no. 4 (org.getopentest.selenium.AssertElementVisible) in segment 1 of test web/Find the React repo on GitHub's website.\nThe action definition was:\n{\n  \"action\": \"org.getopentest.selenium.AssertElementVisible\",\n  \"args\": {\n    \"locator\": {\n      \"xpath\": \"//*[contains(@class,'btn')][contains(text(),'Clone')]\"\n    }\n  },\n  \"description\": \"Verify that the Clone button exists and is visible\"\n}\n\tat org.getopentest.base.TestActor.executeTestSegment(TestActor.java:2123)\n\tat org.getopentest.base.TestActor.runOneSession(TestActor.java:2981)\n\tat org.getopentest.base.TestActor.runOneSession(TestActor.java:3017)\n\tat org.getopentest.Main.main(Main.java:20)\nCaused by: java.lang.RuntimeException: Failed executing action org.getopentest.selenium.AssertElementVisible with arguments {\"locator\":{\"xpath\":\"//*[contains(@class,'btn')][contains(text(),'Clone')]\"}}\n\tat org.getopentest.base.TestActor.executeActionByDef(TestActor.java:1821)\n\tat org.getopentest.base.TestActor.executeTestSegment(TestActor.java:2073)\n\t... 3 more\nCaused by: java.lang.RuntimeException: org.openqa.selenium.TimeoutException: Expected condition failed: waiting for visibility of element located by By.xpath: //*[contains(@class,'btn')][contains(text(),'Clone')] (tried for 10 second(s) with 500 milliseconds interval)\n\tat org.getopentest.base.TestActor.executeActionByClassName(TestActor.java:1626)\n\tat org.getopentest.base.TestActor.executeActionByDef(TestActor.java:1705)\n\t... 4 more\nCaused by: org.openqa.selenium.TimeoutException: Expected condition failed: waiting for visibility of element located by By.xpath: //*[contains(@class,'btn')][contains(text(),'Clone')] (tried for 10 second(s) with 500 milliseconds interval)\n\tat org.openqa.selenium.support.ui.WebDriverWait.timeoutException(WebDriverWait.java:95)\n\tat org.openqa.selenium.support.ui.FluentWait.until(FluentWait.java:272)\n\tat org.getopentest.selenium.AssertElementVisible.run(AssertElementVisible.java:20)\n\tat org.getopentest.base.TestActor.executeAction(TestActor.java:1527)\n\tat org.getopentest.base.TestActor.executeActionByClassName(TestActor.java:1603)\n\t... 5 more\nCaused by: org.openqa.selenium.NoSuchElementException: no such element: Unable to locate element: {\"method\":\"xpath\",\"selector\":\"//*[contains(@class,'btn')][contains(text(),'Clone')]\"}\n  (Session info: chrome=98.0.4758.80)\nFor documentation on this error, please visit: https://www.seleniumhq.org/exceptions/no_such_element.html\nBuild info: version: '3.141.59', revision: 'e82be7d358', time: '2018-11-14T08:17:03'\nSystem info: host: 'Sankalans-MacBook-Pro.local', ip: 'fe80:0:0:0:1464:88d1:2f69:358c%en0', os.name: 'Mac OS X', os.arch: 'x86_64', os.version: '10.16', java.version: '1.8.0_202'\nDriver info: org.openqa.selenium.remote.RemoteWebDriver\nCapabilities {acceptInsecureCerts: false, browserName: chrome, browserVersion: 98.0.4758.80, chrome: {chromedriverVersion: 98.0.4758.48 (d869ab3eda606..., userDataDir: C:\\Windows\\proxy\\scoped_dir...}, goog:chromeOptions: {debuggerAddress: localhost:3942}, javascriptEnabled: true, networkConnectionEnabled: false, pageLoadStrategy: normal, platform: WINDOWS, platformName: WINDOWS, proxy: Proxy(), setWindowRect: true, strictFileInteractability: false, timeouts: {implicit: 0, pageLoad: 300000, script: 30000}, unhandledPromptBehavior: dismiss and notify, webauthn:extension:credBlob: true, webauthn:extension:largeBlob: true, webauthn:virtualAuthenticators: true, webdriver.remote.sessionid: 685d84f52b6251c56157bbfec9c...}\nSession ID: 685d84f52b6251c56157bbfec9c955af658eb7be\n*** Element info: {Using=xpath, value=//*[contains(@class,'btn')][contains(text(),'Clone')]}\n\tat sun.reflect.GeneratedConstructorAccessor17.newInstance(Unknown Source)\n\tat sun.reflect.DelegatingConstructorAccessorImpl.newInstance(DelegatingConstructorAccessorImpl.java:45)\n\tat java.lang.reflect.Constructor.newInstance(Constructor.java:423)\n\tat org.openqa.selenium.remote.http.W3CHttpResponseCodec.createException(W3CHttpResponseCodec.java:187)\n\tat org.openqa.selenium.remote.http.W3CHttpResponseCodec.decode(W3CHttpResponseCodec.java:122)\n\tat org.openqa.selenium.remote.http.W3CHttpResponseCodec.decode(W3CHttpResponseCodec.java:49)\n\tat org.openqa.selenium.remote.HttpCommandExecutor.execute(HttpCommandExecutor.java:158)\n\tat org.openqa.selenium.remote.RemoteWebDriver.execute(RemoteWebDriver.java:552)\n\tat org.openqa.selenium.remote.RemoteWebDriver.findElement(RemoteWebDriver.java:323)\n\tat org.openqa.selenium.remote.RemoteWebDriver.findElementByXPath(RemoteWebDriver.java:428)\n\tat org.openqa.selenium.By$ByXPath.findElement(By.java:353)\n\tat org.openqa.selenium.remote.RemoteWebDriver.findElement(RemoteWebDriver.java:315)\n\tat org.openqa.selenium.support.ui.ExpectedConditions$7.apply(ExpectedConditions.java:205)\n\tat org.openqa.selenium.support.ui.ExpectedConditions$7.apply(ExpectedConditions.java:201)\n\tat org.openqa.selenium.support.ui.FluentWait.until(FluentWait.java:249)\n\t... 8 more\n"}],"name":"Find the React repo on GitHub's website","path":"web","timeCompleted":null,"timeStarted":1645158115743}]}},"maxIterations":"1","currentIteration":1,"currentTestIndex":1,"currentSegmentIndex":0,"label":"WebUI_ReactRepo","result":"failed","status":"completed","tests":[{"actions":[{"action":"org.getopentest.selenium.NavigateTo","actorType":"ACTOR1","args":{"url":"https://github.com/"},"isCheckpoint":false,"description":"Navigate to the GitHub homepage","durationMs":11562,"macroStack":[],"result":"passed","segment":1},{"action":"org.getopentest.selenium.SendKeys","actorType":"ACTOR1","args":{"text":"react","locator":{"css":"input[name='q']"},"sendEnter":true},"isCheckpoint":false,"description":"Enter \"react\" in the search box","durationMs":4294,"macroStack":[],"result":"passed","segment":1},{"action":"org.getopentest.selenium.Click","actorType":"ACTOR1","args":{"locator":{"css":"a[href='/facebook/react']"}},"isCheckpoint":false,"description":"Click the React link in the search results","durationMs":2720,"macroStack":[],"result":"passed","segment":1},{"action":"org.getopentest.selenium.AssertElementVisible","actorType":"ACTOR1","args":{"locator":{"xpath":"//*[contains(@class,'btn')][contains(text(),'Clone')]"}},"isCheckpoint":false,"description":"Verify that the Clone button exists and is visible","durationMs":12983,"macroStack":[],"result":"failed","screenshot":"SID1645158112_ACTOR1_T01_SG01_ST04_error.png","segment":1,"stackTrace":"java.lang.RuntimeException: org.openqa.selenium.TimeoutException: Expected condition failed: waiting for visibility of element located by By.xpath: //*[contains(@class,'btn')][contains(text(),'Clone')] (tried for 10 second(s) with 500 milliseconds interval)\n\tat org.getopentest.base.TestActor.executeActionByClassName(TestActor.java:1626)\n\tat org.getopentest.base.TestActor.executeActionByDef(TestActor.java:1705)\n\tat org.getopentest.base.TestActor.executeTestSegment(TestActor.java:2073)\n\tat org.getopentest.base.TestActor.runOneSession(TestActor.java:2981)\n\tat org.getopentest.base.TestActor.runOneSession(TestActor.java:3017)\n\tat org.getopentest.Main.main(Main.java:20)\nCaused by: org.openqa.selenium.TimeoutException: Expected condition failed: waiting for visibility of element located by By.xpath: //*[contains(@class,'btn')][contains(text(),'Clone')] (tried for 10 second(s) with 500 milliseconds interval)\n\tat org.openqa.selenium.support.ui.WebDriverWait.timeoutException(WebDriverWait.java:95)\n\tat org.openqa.selenium.support.ui.FluentWait.until(FluentWait.java:272)\n\tat org.getopentest.selenium.AssertElementVisible.run(AssertElementVisible.java:20)\n\tat org.getopentest.base.TestActor.executeAction(TestActor.java:1527)\n\tat org.getopentest.base.TestActor.executeActionByClassName(TestActor.java:1603)\n\t... 5 more\nCaused by: org.openqa.selenium.NoSuchElementException: no such element: Unable to locate element: {\"method\":\"xpath\",\"selector\":\"//*[contains(@class,'btn')][contains(text(),'Clone')]\"}\n  (Session info: chrome=98.0.4758.80)\nFor documentation on this error, please visit: https://www.seleniumhq.org/exceptions/no_such_element.html\nBuild info: version: '3.141.59', revision: 'e82be7d358', time: '2018-11-14T08:17:03'\nSystem info: host: 'Sankalans-MacBook-Pro.local', ip: 'fe80:0:0:0:1464:88d1:2f69:358c%en0', os.name: 'Mac OS X', os.arch: 'x86_64', os.version: '10.16', java.version: '1.8.0_202'\nDriver info: org.openqa.selenium.remote.RemoteWebDriver\nCapabilities {acceptInsecureCerts: false, browserName: chrome, browserVersion: 98.0.4758.80, chrome: {chromedriverVersion: 98.0.4758.48 (d869ab3eda606..., userDataDir: C:\\Windows\\proxy\\scoped_dir...}, goog:chromeOptions: {debuggerAddress: localhost:3942}, javascriptEnabled: true, networkConnectionEnabled: false, pageLoadStrategy: normal, platform: WINDOWS, platformName: WINDOWS, proxy: Proxy(), setWindowRect: true, strictFileInteractability: false, timeouts: {implicit: 0, pageLoad: 300000, script: 30000}, unhandledPromptBehavior: dismiss and notify, webauthn:extension:credBlob: true, webauthn:extension:largeBlob: true, webauthn:virtualAuthenticators: true, webdriver.remote.sessionid: 685d84f52b6251c56157bbfec9c...}\nSession ID: 685d84f52b6251c56157bbfec9c955af658eb7be\n*** Element info: {Using=xpath, value=//*[contains(@class,'btn')][contains(text(),'Clone')]}\n\tat sun.reflect.GeneratedConstructorAccessor17.newInstance(Unknown Source)\n\tat sun.reflect.DelegatingConstructorAccessorImpl.newInstance(DelegatingConstructorAccessorImpl.java:45)\n\tat java.lang.reflect.Constructor.newInstance(Constructor.java:423)\n\tat org.openqa.selenium.remote.http.W3CHttpResponseCodec.createException(W3CHttpResponseCodec.java:187)\n\tat org.openqa.selenium.remote.http.W3CHttpResponseCodec.decode(W3CHttpResponseCodec.java:122)\n\tat org.openqa.selenium.remote.http.W3CHttpResponseCodec.decode(W3CHttpResponseCodec.java:49)\n\tat org.openqa.selenium.remote.HttpCommandExecutor.execute(HttpCommandExecutor.java:158)\n\tat org.openqa.selenium.remote.RemoteWebDriver.execute(RemoteWebDriver.java:552)\n\tat org.openqa.selenium.remote.RemoteWebDriver.findElement(RemoteWebDriver.java:323)\n\tat org.openqa.selenium.remote.RemoteWebDriver.findElementByXPath(RemoteWebDriver.java:428)\n\tat org.openqa.selenium.By$ByXPath.findElement(By.java:353)\n\tat org.openqa.selenium.remote.RemoteWebDriver.findElement(RemoteWebDriver.java:315)\n\tat org.openqa.selenium.support.ui.ExpectedConditions$7.apply(ExpectedConditions.java:205)\n\tat org.openqa.selenium.support.ui.ExpectedConditions$7.apply(ExpectedConditions.java:201)\n\tat org.openqa.selenium.support.ui.FluentWait.until(FluentWait.java:249)\n\t... 8 more\n"}],"currentIteration":1,"currentSegmentIndex":0,"isDataDriven":false,"name":"Find the React repo on GitHub's website","path":"web","result":"failed","status":"completed","segments":[{"index":0,"result":"passed","status":"completed","timeStarted":1645158115743,"timeCompleted":1645158115746},{"index":1,"result":"failed","status":"completed","timeStarted":1645158115756,"timeCompleted":1645158147416}],"tags":[],"timeStarted":1645158115743,"timeCompleted":1645158147416}],"timeCreated":1645158112024,"timeStarted":1645158115743,"timeCompleted":1645158147416,"lastActivity":1645158147416,"_id":"CK97SeOgWFsO2Rtl","actorTags":[],"environment":"","currentDataRecordIndex":-1}
{"id":1645171992,"actors":{"57896":{"id":57896,"lastSeenTime":1645171992419,"testSessionId":1645171992,"type":"ACTOR1","tags":[],"_id":"H385QpBTUKGXHK7H","ip":"::ffff:127.0.0.1","tests":[{"currentSegmentIndex":1,"segments":[{"index":0,"status":"completed","timeStarted":1645171998025,"timeCompleted":1645171998029,"result":"passed"},{"index":1,"status":"completed","timeStarted":1645171998040,"timeCompleted":1645171998168,"result":"failed","stackTrace":"java.lang.RuntimeException: There was an error while executing action no. 1 (org.getopentest.appium.Click) in segment 1 of test mobile/Mobile app test.\nThe action definition was:\n{\n  \"action\": \"org.getopentest.appium.Click\",\n  \"args\": {\n    \"locator\": {\n      \"id\": \"Search Wikipedia\"\n    }\n  },\n  \"description\": \"Click on Search Wikipedia button\"\n}\n\tat org.getopentest.base.TestActor.executeTestSegment(TestActor.java:2123)\n\tat org.getopentest.base.TestActor.runOneSession(TestActor.java:2981)\n\tat org.getopentest.base.TestActor.runOneSession(TestActor.java:3017)\n\tat org.getopentest.Main.main(Main.java:20)\nCaused by: java.lang.RuntimeException: Failed executing action org.getopentest.appium.Click (arguments not available because the current action instance was not populated)\n\tat org.getopentest.base.TestActor.executeActionByDef(TestActor.java:1821)\n\tat org.getopentest.base.TestActor.executeTestSegment(TestActor.java:2073)\n\t... 3 more\nCaused by: java.lang.RuntimeException: Failed to find test action class \"org.getopentest.appium.Click\". Most common causes to watch for are capitalization mistakes (e.g. using \"some.package.sampleAction\" instead \"some.package.SampleAction\") or spelling mistakes. If these look good, make sure the JAR file where the test action class is implemented exists in the CLASSPATH. A less common cause for this error is having a dependency conflict that prevents the test action class from instantiating.\n\tat org.getopentest.base.TestActor.executeActionByClassName(TestActor.java:1613)\n\tat org.getopentest.base.TestActor.executeActionByDef(TestActor.java:1705)\n\t... 4 more\nCaused by: java.lang.ClassNotFoundException: org.getopentest.appium.Click\n\tat java.net.URLClassLoader.findClass(URLClassLoader.java:382)\n\tat java.lang.ClassLoader.loadClass(ClassLoader.java:424)\n\tat sun.misc.Launcher$AppClassLoader.loadClass(Launcher.java:349)\n\tat java.lang.ClassLoader.loadClass(ClassLoader.java:357)\n\tat java.lang.Class.forName0(Native Method)\n\tat java.lang.Class.forName(Class.java:264)\n\tat org.getopentest.base.TestActor.executeActionByClassName(TestActor.java:1598)\n\t... 5 more\n"}],"name":"Mobile app test","path":"mobile","timeCompleted":null,"timeStarted":1645171998025}]}},"maxIterations":"1","currentIteration":1,"currentTestIndex":1,"currentSegmentIndex":0,"label":"Demo_Mobile","result":"failed","status":"completed","tests":[{"actions":[{"action":"org.getopentest.appium.Click","actorType":"ACTOR1","args":{"locator":{"id":"Search Wikipedia"}},"isCheckpoint":false,"description":"Click on Search Wikipedia button","durationMs":1,"macroStack":[],"result":"failed","segment":1,"stackTrace":"java.lang.RuntimeException: Failed to find test action class \"org.getopentest.appium.Click\". Most common causes to watch for are capitalization mistakes (e.g. using \"some.package.sampleAction\" instead \"some.package.SampleAction\") or spelling mistakes. If these look good, make sure the JAR file where the test action class is implemented exists in the CLASSPATH. A less common cause for this error is having a dependency conflict that prevents the test action class from instantiating.\n\tat org.getopentest.base.TestActor.executeActionByClassName(TestActor.java:1613)\n\tat org.getopentest.base.TestActor.executeActionByDef(TestActor.java:1705)\n\tat org.getopentest.base.TestActor.executeTestSegment(TestActor.java:2073)\n\tat org.getopentest.base.TestActor.runOneSession(TestActor.java:2981)\n\tat org.getopentest.base.TestActor.runOneSession(TestActor.java:3017)\n\tat org.getopentest.Main.main(Main.java:20)\nCaused by: java.lang.ClassNotFoundException: org.getopentest.appium.Click\n\tat java.net.URLClassLoader.findClass(URLClassLoader.java:382)\n\tat java.lang.ClassLoader.loadClass(ClassLoader.java:424)\n\tat sun.misc.Launcher$AppClassLoader.loadClass(Launcher.java:349)\n\tat java.lang.ClassLoader.loadClass(ClassLoader.java:357)\n\tat java.lang.Class.forName0(Native Method)\n\tat java.lang.Class.forName(Class.java:264)\n\tat org.getopentest.base.TestActor.executeActionByClassName(TestActor.java:1598)\n\t... 5 more\n"}],"currentIteration":1,"currentSegmentIndex":0,"isDataDriven":false,"name":"Mobile app test","path":"mobile","result":"failed","status":"completed","segments":[{"index":0,"result":"passed","status":"completed","timeStarted":1645171998025,"timeCompleted":1645171998029},{"index":1,"result":"failed","status":"completed","timeStarted":1645171998040,"timeCompleted":1645171998168}],"tags":[],"timeStarted":1645171998025,"timeCompleted":1645171998168}],"timeCreated":1645171992496,"timeStarted":1645171998025,"timeCompleted":1645171998168,"lastActivity":1645171998168,"_id":"JEDOijFeGoJ7xzny","actorTags":[],"environment":"","currentDataRecordIndex":-1}
{"id":1645285726,"actors":{"4570":{"id":4570,"lastSeenTime":1645285724785,"testSessionId":1645285726,"type":"ACTOR1","tags":[],"_id":"XvpHgNawfHKjyLgF","ip":"::ffff:127.0.0.1","tests":[{"currentSegmentIndex":1,"segments":[{"index":0,"status":"completed","timeStarted":1645285730221,"timeCompleted":1645285730224,"result":"passed"},{"index":1,"status":"completed","timeStarted":1645285730256,"timeCompleted":1645285761031,"result":"passed"}],"name":"Mobile app test","path":"mobile","timeCompleted":null,"timeStarted":1645285730221}]}},"maxIterations":"1","currentIteration":1,"currentTestIndex":1,"currentSegmentIndex":0,"label":"Mobile_Test 4","result":"passed","status":"completed","tests":[{"actions":[{"action":"org.getopentest.appium.LaunchApp","actorType":"ACTOR1","args":{},"isCheckpoint":false,"description":"Launch the mobile app","durationMs":26155,"macroStack":[],"result":"passed","segment":1},{"action":"org.getopentest.appium.Tap","actorType":"ACTOR1","args":{"locator":{"xpath":"//*[@content-desc=\"Search Wikipedia\"]"}},"isCheckpoint":false,"description":"Click on Search Wikipedia button","durationMs":1776,"macroStack":[],"result":"passed","segment":1},{"action":"org.getopentest.appium.SendKeys","actorType":"ACTOR1","args":{"locator":{"id":"org.wikipedia.alpha:id/search_src_text"},"text":"BrowserStack"},"isCheckpoint":false,"description":"Enter Search Text","durationMs":2814,"macroStack":[],"result":"passed","segment":1}],"currentIteration":1,"currentSegmentIndex":0,"isDataDriven":false,"name":"Mobile app test","path":"mobile","result":"passed","status":"completed","segments":[{"index":0,"result":"passed","status":"completed","timeStarted":1645285730221,"timeCompleted":1645285730224},{"index":1,"result":"passed","status":"completed","timeStarted":1645285730256,"timeCompleted":1645285761031}],"tags":[],"timeStarted":1645285730221,"timeCompleted":1645285761031}],"timeCreated":1645285725932,"timeStarted":1645285730221,"timeCompleted":1645285761031,"lastActivity":1645285761031,"_id":"KRXWMI7QUH5YAt52","actorTags":[],"environment":"","currentDataRecordIndex":-1}
{"id":1651836149,"actors":{"23347":{"id":23347,"lastSeenTime":1651836148775,"testSessionId":1651836149,"type":"ACTOR2","tags":[],"_id":"g1HppMfMvfnKaqGP","ip":"::ffff:127.0.0.1","tests":[{"currentSegmentIndex":1,"segments":[{"index":0,"status":"completed","timeStarted":1651836154387,"timeCompleted":1651836154390,"result":"passed"},{"index":1,"status":"completed","timeStarted":1651836154402,"timeCompleted":1651836200652,"result":"failed","stackTrace":"java.lang.RuntimeException: There was an error while executing action no. 4 (org.getopentest.selenium.AssertElementVisible) in segment 1 of test web/Find the React repo on GitHub's website.\nThe action definition was:\n{\n  \"action\": \"org.getopentest.selenium.AssertElementVisible\",\n  \"args\": {\n    \"locator\": {\n      \"xpath\": \"//*[contains(@class,'btn')][contains(text(),'Clone')]\"\n    }\n  },\n  \"description\": \"Verify that the Clone button exists and is visible\"\n}\n\tat org.getopentest.base.TestActor.executeTestSegment(TestActor.java:2123)\n\tat org.getopentest.base.TestActor.runOneSession(TestActor.java:2981)\n\tat org.getopentest.base.TestActor.runOneSession(TestActor.java:3017)\n\tat org.getopentest.Main.main(Main.java:20)\nCaused by: java.lang.RuntimeException: Failed executing action org.getopentest.selenium.AssertElementVisible with arguments {\"locator\":{\"xpath\":\"//*[contains(@class,'btn')][contains(text(),'Clone')]\"}}\n\tat org.getopentest.base.TestActor.executeActionByDef(TestActor.java:1821)\n\tat org.getopentest.base.TestActor.executeTestSegment(TestActor.java:2073)\n\t... 3 more\nCaused by: java.lang.RuntimeException: org.openqa.selenium.TimeoutException: Expected condition failed: waiting for visibility of element located by By.xpath: //*[contains(@class,'btn')][contains(text(),'Clone')] (tried for 10 second(s) with 500 milliseconds interval)\n\tat org.getopentest.base.TestActor.executeActionByClassName(TestActor.java:1626)\n\tat org.getopentest.base.TestActor.executeActionByDef(TestActor.java:1705)\n\t... 4 more\nCaused by: org.openqa.selenium.TimeoutException: Expected condition failed: waiting for visibility of element located by By.xpath: //*[contains(@class,'btn')][contains(text(),'Clone')] (tried for 10 second(s) with 500 milliseconds interval)\n\tat org.openqa.selenium.support.ui.WebDriverWait.timeoutException(WebDriverWait.java:95)\n\tat org.openqa.selenium.support.ui.FluentWait.until(FluentWait.java:272)\n\tat org.getopentest.selenium.AssertElementVisible.run(AssertElementVisible.java:20)\n\tat org.getopentest.base.TestActor.executeAction(TestActor.java:1527)\n\tat org.getopentest.base.TestActor.executeActionByClassName(TestActor.java:1603)\n\t... 5 more\nCaused by: org.openqa.selenium.NoSuchElementException: Unable to locate element: //*[contains(@class,'btn')][contains(text(),'Clone')]\nFor documentation on this error, please visit: https://www.seleniumhq.org/exceptions/no_such_element.html\nBuild info: version: '3.141.59', revision: 'e82be7d358', time: '2018-11-14T08:17:03'\nSystem info: host: 'Sankalans-MacBook-Pro.local', ip: 'fe80:0:0:0:10c0:553b:b029:d280%en0', os.name: 'Mac OS X', os.arch: 'x86_64', os.version: '10.16', java.version: '1.8.0_202'\nDriver info: org.openqa.selenium.remote.RemoteWebDriver\nCapabilities {acceptInsecureCerts: false, browserName: firefox, browserVersion: 99.0, javascriptEnabled: true, moz:accessibilityChecks: false, moz:buildID: 20220330194208, moz:geckodriverVersion: 0.30.0, moz:headless: false, moz:processID: 8976, moz:profile: C:\\Windows\\proxy\\rust_mozpr..., moz:shutdownTimeout: 60000, moz:useNonSpecCompliantPointerOrigin: false, moz:webdriverClick: true, pageLoadStrategy: normal, platform: WINDOWS, platformName: WINDOWS, platformVersion: 10.0, proxy: Proxy(), setWindowRect: true, strictFileInteractability: false, timeouts: {implicit: 0, pageLoad: 300000, script: 30000}, unhandledPromptBehavior: dismiss and notify, webdriver.remote.sessionid: 40b7cf03ea863a444afc29f02a5...}\nSession ID: 40b7cf03ea863a444afc29f02a5ad9fca517a042\n*** Element info: {Using=xpath, value=//*[contains(@class,'btn')][contains(text(),'Clone')]}\n\tat sun.reflect.NativeConstructorAccessorImpl.newInstance0(Native Method)\n\tat sun.reflect.NativeConstructorAccessorImpl.newInstance(NativeConstructorAccessorImpl.java:62)\n\tat sun.reflect.DelegatingConstructorAccessorImpl.newInstance(DelegatingConstructorAccessorImpl.java:45)\n\tat java.lang.reflect.Constructor.newInstance(Constructor.java:423)\n\tat org.openqa.selenium.remote.http.W3CHttpResponseCodec.createException(W3CHttpResponseCodec.java:187)\n\tat org.openqa.selenium.remote.http.W3CHttpResponseCodec.decode(W3CHttpResponseCodec.java:122)\n\tat org.openqa.selenium.remote.http.W3CHttpResponseCodec.decode(W3CHttpResponseCodec.java:49)\n\tat org.openqa.selenium.remote.HttpCommandExecutor.execute(HttpCommandExecutor.java:158)\n\tat org.openqa.selenium.remote.RemoteWebDriver.execute(RemoteWebDriver.java:552)\n\tat org.openqa.selenium.remote.RemoteWebDriver.findElement(RemoteWebDriver.java:323)\n\tat org.openqa.selenium.remote.RemoteWebDriver.findElementByXPath(RemoteWebDriver.java:428)\n\tat org.openqa.selenium.By$ByXPath.findElement(By.java:353)\n\tat org.openqa.selenium.remote.RemoteWebDriver.findElement(RemoteWebDriver.java:315)\n\tat org.openqa.selenium.support.ui.ExpectedConditions$7.apply(ExpectedConditions.java:205)\n\tat org.openqa.selenium.support.ui.ExpectedConditions$7.apply(ExpectedConditions.java:201)\n\tat org.openqa.selenium.support.ui.FluentWait.until(FluentWait.java:249)\n\t... 8 more\n"}],"name":"Find the React repo on GitHub's website","path":"web","timeCompleted":null,"timeStarted":1651836154387}]},"56698":{"id":56698,"lastSeenTime":1651836148011,"testSessionId":1651836149,"type":"ACTOR1","tags":[],"_id":"bQMZPK31xpBKACWZ","ip":"::ffff:127.0.0.1","tests":[{"currentSegmentIndex":1,"segments":[{"index":0,"status":"completed","timeStarted":1651836153679,"timeCompleted":1651836153681,"result":"passed"},{"index":1,"status":"completed","timeStarted":1651836154400,"timeCompleted":1651836189514,"result":"failed","stackTrace":"java.lang.RuntimeException: There was an error while executing action no. 4 (org.getopentest.selenium.AssertElementVisible) in segment 1 of test web/Find the React repo on GitHub's website.\nThe action definition was:\n{\n  \"action\": \"org.getopentest.selenium.AssertElementVisible\",\n  \"args\": {\n    \"locator\": {\n      \"xpath\": \"//*[contains(@class,'btn')][contains(text(),'Clone')]\"\n    }\n  },\n  \"description\": \"Verify that the Clone button exists and is visible\"\n}\n\tat org.getopentest.base.TestActor.executeTestSegment(TestActor.java:2123)\n\tat org.getopentest.base.TestActor.runOneSession(TestActor.java:2981)\n\tat org.getopentest.base.TestActor.runOneSession(TestActor.java:3017)\n\tat org.getopentest.Main.main(Main.java:20)\nCaused by: java.lang.RuntimeException: Failed executing action org.getopentest.selenium.AssertElementVisible with arguments {\"locator\":{\"xpath\":\"//*[contains(@class,'btn')][contains(text(),'Clone')]\"}}\n\tat org.getopentest.base.TestActor.executeActionByDef(TestActor.java:1821)\n\tat org.getopentest.base.TestActor.executeTestSegment(TestActor.java:2073)\n\t... 3 more\nCaused by: java.lang.RuntimeException: org.openqa.selenium.TimeoutException: Expected condition failed: waiting for visibility of element located by By.xpath: //*[contains(@class,'btn')][contains(text(),'Clone')] (tried for 10 second(s) with 500 milliseconds interval)\n\tat org.getopentest.base.TestActor.executeActionByClassName(TestActor.java:1626)\n\tat org.getopentest.base.TestActor.executeActionByDef(TestActor.java:1705)\n\t... 4 more\nCaused by: org.openqa.selenium.TimeoutException: Expected condition failed: waiting for visibility of element located by By.xpath: //*[contains(@class,'btn')][contains(text(),'Clone')] (tried for 10 second(s) with 500 milliseconds interval)\n\tat org.openqa.selenium.support.ui.WebDriverWait.timeoutException(WebDriverWait.java:95)\n\tat org.openqa.selenium.support.ui.FluentWait.until(FluentWait.java:272)\n\tat org.getopentest.selenium.AssertElementVisible.run(AssertElementVisible.java:20)\n\tat org.getopentest.base.TestActor.executeAction(TestActor.java:1527)\n\tat org.getopentest.base.TestActor.executeActionByClassName(TestActor.java:1603)\n\t... 5 more\nCaused by: org.openqa.selenium.NoSuchElementException: no such element: Unable to locate element: {\"method\":\"xpath\",\"selector\":\"//*[contains(@class,'btn')][contains(text(),'Clone')]\"}\n  (Session info: chrome=101.0.4951.41)\nFor documentation on this error, please visit: https://www.seleniumhq.org/exceptions/no_such_element.html\nBuild info: version: '3.141.59', revision: 'e82be7d358', time: '2018-11-14T08:17:03'\nSystem info: host: 'Sankalans-MacBook-Pro.local', ip: 'fe80:0:0:0:10c0:553b:b029:d280%en0', os.name: 'Mac OS X', os.arch: 'x86_64', os.version: '10.16', java.version: '1.8.0_202'\nDriver info: org.openqa.selenium.remote.RemoteWebDriver\nCapabilities {acceptInsecureCerts: false, browserName: chrome, browserVersion: 101.0.4951.41, chrome: {chromedriverVersion: 101.0.4951.15 (0dcf182bd388..., userDataDir: C:\\Windows\\proxy\\scoped_dir...}, goog:chromeOptions: {debuggerAddress: localhost:3143}, javascriptEnabled: true, networkConnectionEnabled: false, pageLoadStrategy: normal, platform: WINDOWS, platformName: WINDOWS, proxy: Proxy(), setWindowRect: true, strictFileInteractability: false, timeouts: {implicit: 0, pageLoad: 300000, script: 30000}, unhandledPromptBehavior: dismiss and notify, webauthn:extension:credBlob: true, webauthn:extension:largeBlob: true, webauthn:virtualAuthenticators: true, webdriver.remote.sessionid: 15368efe6d9b0baed45eb091eaa...}\nSession ID: 15368efe6d9b0baed45eb091eaa87a6f96f293e1\n*** Element info: {Using=xpath, value=//*[contains(@class,'btn')][contains(text(),'Clone')]}\n\tat sun.reflect.NativeConstructorAccessorImpl.newInstance0(Native Method)\n\tat sun.reflect.NativeConstructorAccessorImpl.newInstance(NativeConstructorAccessorImpl.java:62)\n\tat sun.reflect.DelegatingConstructorAccessorImpl.newInstance(DelegatingConstructorAccessorImpl.java:45)\n\tat java.lang.reflect.Constructor.newInstance(Constructor.java:423)\n\tat org.openqa.selenium.remote.http.W3CHttpResponseCodec.createException(W3CHttpResponseCodec.java:187)\n\tat org.openqa.selenium.remote.http.W3CHttpResponseCodec.decode(W3CHttpResponseCodec.java:122)\n\tat org.openqa.selenium.remote.http.W3CHttpResponseCodec.decode(W3CHttpResponseCodec.java:49)\n\tat org.openqa.selenium.remote.HttpCommandExecutor.execute(HttpCommandExecutor.java:158)\n\tat org.openqa.selenium.remote.RemoteWebDriver.execute(RemoteWebDriver.java:552)\n\tat org.openqa.selenium.remote.RemoteWebDriver.findElement(RemoteWebDriver.java:323)\n\tat org.openqa.selenium.remote.RemoteWebDriver.findElementByXPath(RemoteWebDriver.java:428)\n\tat org.openqa.selenium.By$ByXPath.findElement(By.java:353)\n\tat org.openqa.selenium.remote.RemoteWebDriver.findElement(RemoteWebDriver.java:315)\n\tat org.openqa.selenium.support.ui.ExpectedConditions$7.apply(ExpectedConditions.java:205)\n\tat org.openqa.selenium.support.ui.ExpectedConditions$7.apply(ExpectedConditions.java:201)\n\tat org.openqa.selenium.support.ui.FluentWait.until(FluentWait.java:249)\n\t... 8 more\n"}],"name":"Find the React repo on GitHub's website","path":"web","timeCompleted":null,"timeStarted":1651836153679}]}},"maxIterations":"1","currentIteration":1,"currentTestIndex":1,"currentSegmentIndex":0,"label":"Session 1651836149","result":"failed","status":"completed","tests":[{"actions":[{"action":"org.getopentest.selenium.NavigateTo","actorType":"ACTOR1","args":{"url":"https://github.com/"},"isCheckpoint":false,"description":"Navigate to the GitHub homepage","durationMs":12974,"macroStack":[],"result":"passed","segment":1},{"action":"org.getopentest.selenium.SendKeys","actorType":"ACTOR1","args":{"text":"react","locator":{"css":"input[name='q']"},"sendEnter":true},"isCheckpoint":false,"description":"Enter \"react\" in the search box","durationMs":5479,"macroStack":[],"result":"passed","segment":1},{"action":"org.getopentest.selenium.Click","actorType":"ACTOR1","args":{"locator":{"css":"a[href='/facebook/react']"}},"isCheckpoint":false,"description":"Click the React link in the search results","durationMs":3421,"macroStack":[],"result":"passed","segment":1},{"action":"org.getopentest.selenium.AssertElementVisible","actorType":"ACTOR1","args":{"locator":{"xpath":"//*[contains(@class,'btn')][contains(text(),'Clone')]"}},"isCheckpoint":false,"description":"Verify that the Clone button exists and is visible","durationMs":13148,"macroStack":[],"result":"failed","screenshot":"SID1651836149_ACTOR1_T01_SG01_ST04_error.png","segment":1,"stackTrace":"java.lang.RuntimeException: org.openqa.selenium.TimeoutException: Expected condition failed: waiting for visibility of element located by By.xpath: //*[contains(@class,'btn')][contains(text(),'Clone')] (tried for 10 second(s) with 500 milliseconds interval)\n\tat org.getopentest.base.TestActor.executeActionByClassName(TestActor.java:1626)\n\tat org.getopentest.base.TestActor.executeActionByDef(TestActor.java:1705)\n\tat org.getopentest.base.TestActor.executeTestSegment(TestActor.java:2073)\n\tat org.getopentest.base.TestActor.runOneSession(TestActor.java:2981)\n\tat org.getopentest.base.TestActor.runOneSession(TestActor.java:3017)\n\tat org.getopentest.Main.main(Main.java:20)\nCaused by: org.openqa.selenium.TimeoutException: Expected condition failed: waiting for visibility of element located by By.xpath: //*[contains(@class,'btn')][contains(text(),'Clone')] (tried for 10 second(s) with 500 milliseconds interval)\n\tat org.openqa.selenium.support.ui.WebDriverWait.timeoutException(WebDriverWait.java:95)\n\tat org.openqa.selenium.support.ui.FluentWait.until(FluentWait.java:272)\n\tat org.getopentest.selenium.AssertElementVisible.run(AssertElementVisible.java:20)\n\tat org.getopentest.base.TestActor.executeAction(TestActor.java:1527)\n\tat org.getopentest.base.TestActor.executeActionByClassName(TestActor.java:1603)\n\t... 5 more\nCaused by: org.openqa.selenium.NoSuchElementException: no such element: Unable to locate element: {\"method\":\"xpath\",\"selector\":\"//*[contains(@class,'btn')][contains(text(),'Clone')]\"}\n  (Session info: chrome=101.0.4951.41)\nFor documentation on this error, please visit: https://www.seleniumhq.org/exceptions/no_such_element.html\nBuild info: version: '3.141.59', revision: 'e82be7d358', time: '2018-11-14T08:17:03'\nSystem info: host: 'Sankalans-MacBook-Pro.local', ip: 'fe80:0:0:0:10c0:553b:b029:d280%en0', os.name: 'Mac OS X', os.arch: 'x86_64', os.version: '10.16', java.version: '1.8.0_202'\nDriver info: org.openqa.selenium.remote.RemoteWebDriver\nCapabilities {acceptInsecureCerts: false, browserName: chrome, browserVersion: 101.0.4951.41, chrome: {chromedriverVersion: 101.0.4951.15 (0dcf182bd388..., userDataDir: C:\\Windows\\proxy\\scoped_dir...}, goog:chromeOptions: {debuggerAddress: localhost:3143}, javascriptEnabled: true, networkConnectionEnabled: false, pageLoadStrategy: normal, platform: WINDOWS, platformName: WINDOWS, proxy: Proxy(), setWindowRect: true, strictFileInteractability: false, timeouts: {implicit: 0, pageLoad: 300000, script: 30000}, unhandledPromptBehavior: dismiss and notify, webauthn:extension:credBlob: true, webauthn:extension:largeBlob: true, webauthn:virtualAuthenticators: true, webdriver.remote.sessionid: 15368efe6d9b0baed45eb091eaa...}\nSession ID: 15368efe6d9b0baed45eb091eaa87a6f96f293e1\n*** Element info: {Using=xpath, value=//*[contains(@class,'btn')][contains(text(),'Clone')]}\n\tat sun.reflect.NativeConstructorAccessorImpl.newInstance0(Native Method)\n\tat sun.reflect.NativeConstructorAccessorImpl.newInstance(NativeConstructorAccessorImpl.java:62)\n\tat sun.reflect.DelegatingConstructorAccessorImpl.newInstance(DelegatingConstructorAccessorImpl.java:45)\n\tat java.lang.reflect.Constructor.newInstance(Constructor.java:423)\n\tat org.openqa.selenium.remote.http.W3CHttpResponseCodec.createException(W3CHttpResponseCodec.java:187)\n\tat org.openqa.selenium.remote.http.W3CHttpResponseCodec.decode(W3CHttpResponseCodec.java:122)\n\tat org.openqa.selenium.remote.http.W3CHttpResponseCodec.decode(W3CHttpResponseCodec.java:49)\n\tat org.openqa.selenium.remote.HttpCommandExecutor.execute(HttpCommandExecutor.java:158)\n\tat org.openqa.selenium.remote.RemoteWebDriver.execute(RemoteWebDriver.java:552)\n\tat org.openqa.selenium.remote.RemoteWebDriver.findElement(RemoteWebDriver.java:323)\n\tat org.openqa.selenium.remote.RemoteWebDriver.findElementByXPath(RemoteWebDriver.java:428)\n\tat org.openqa.selenium.By$ByXPath.findElement(By.java:353)\n\tat org.openqa.selenium.remote.RemoteWebDriver.findElement(RemoteWebDriver.java:315)\n\tat org.openqa.selenium.support.ui.ExpectedConditions$7.apply(ExpectedConditions.java:205)\n\tat org.openqa.selenium.support.ui.ExpectedConditions$7.apply(ExpectedConditions.java:201)\n\tat org.openqa.selenium.support.ui.FluentWait.until(FluentWait.java:249)\n\t... 8 more\n"},{"action":"org.getopentest.selenium.NavigateTo","actorType":"ACTOR2","args":{"url":"https://github.com/"},"isCheckpoint":false,"description":"Navigate to the GitHub homepage","durationMs":21545,"macroStack":[],"result":"passed","segment":1},{"action":"org.getopentest.selenium.SendKeys","actorType":"ACTOR2","args":{"text":"react","locator":{"css":"input[name='q']"},"sendEnter":true},"isCheckpoint":false,"description":"Enter \"react\" in the search box","durationMs":5290,"macroStack":[],"result":"passed","segment":1},{"action":"org.getopentest.selenium.Click","actorType":"ACTOR2","args":{"locator":{"css":"a[href='/facebook/react']"}},"isCheckpoint":false,"description":"Click the React link in the search results","durationMs":5268,"macroStack":[],"result":"passed","segment":1},{"action":"org.getopentest.selenium.AssertElementVisible","actorType":"ACTOR2","args":{"locator":{"xpath":"//*[contains(@class,'btn')][contains(text(),'Clone')]"}},"isCheckpoint":false,"description":"Verify that the Clone button exists and is visible","durationMs":14041,"macroStack":[],"result":"failed","screenshot":"SID1651836149_ACTOR2_T01_SG01_ST04_error.png","segment":1,"stackTrace":"java.lang.RuntimeException: org.openqa.selenium.TimeoutException: Expected condition failed: waiting for visibility of element located by By.xpath: //*[contains(@class,'btn')][contains(text(),'Clone')] (tried for 10 second(s) with 500 milliseconds interval)\n\tat org.getopentest.base.TestActor.executeActionByClassName(TestActor.java:1626)\n\tat org.getopentest.base.TestActor.executeActionByDef(TestActor.java:1705)\n\tat org.getopentest.base.TestActor.executeTestSegment(TestActor.java:2073)\n\tat org.getopentest.base.TestActor.runOneSession(TestActor.java:2981)\n\tat org.getopentest.base.TestActor.runOneSession(TestActor.java:3017)\n\tat org.getopentest.Main.main(Main.java:20)\nCaused by: org.openqa.selenium.TimeoutException: Expected condition failed: waiting for visibility of element located by By.xpath: //*[contains(@class,'btn')][contains(text(),'Clone')] (tried for 10 second(s) with 500 milliseconds interval)\n\tat org.openqa.selenium.support.ui.WebDriverWait.timeoutException(WebDriverWait.java:95)\n\tat org.openqa.selenium.support.ui.FluentWait.until(FluentWait.java:272)\n\tat org.getopentest.selenium.AssertElementVisible.run(AssertElementVisible.java:20)\n\tat org.getopentest.base.TestActor.executeAction(TestActor.java:1527)\n\tat org.getopentest.base.TestActor.executeActionByClassName(TestActor.java:1603)\n\t... 5 more\nCaused by: org.openqa.selenium.NoSuchElementException: Unable to locate element: //*[contains(@class,'btn')][contains(text(),'Clone')]\nFor documentation on this error, please visit: https://www.seleniumhq.org/exceptions/no_such_element.html\nBuild info: version: '3.141.59', revision: 'e82be7d358', time: '2018-11-14T08:17:03'\nSystem info: host: 'Sankalans-MacBook-Pro.local', ip: 'fe80:0:0:0:10c0:553b:b029:d280%en0', os.name: 'Mac OS X', os.arch: 'x86_64', os.version: '10.16', java.version: '1.8.0_202'\nDriver info: org.openqa.selenium.remote.RemoteWebDriver\nCapabilities {acceptInsecureCerts: false, browserName: firefox, browserVersion: 99.0, javascriptEnabled: true, moz:accessibilityChecks: false, moz:buildID: 20220330194208, moz:geckodriverVersion: 0.30.0, moz:headless: false, moz:processID: 8976, moz:profile: C:\\Windows\\proxy\\rust_mozpr..., moz:shutdownTimeout: 60000, moz:useNonSpecCompliantPointerOrigin: false, moz:webdriverClick: true, pageLoadStrategy: normal, platform: WINDOWS, platformName: WINDOWS, platformVersion: 10.0, proxy: Proxy(), setWindowRect: true, strictFileInteractability: false, timeouts: {implicit: 0, pageLoad: 300000, script: 30000}, unhandledPromptBehavior: dismiss and notify, webdriver.remote.sessionid: 40b7cf03ea863a444afc29f02a5...}\nSession ID: 40b7cf03ea863a444afc29f02a5ad9fca517a042\n*** Element info: {Using=xpath, value=//*[contains(@class,'btn')][contains(text(),'Clone')]}\n\tat sun.reflect.NativeConstructorAccessorImpl.newInstance0(Native Method)\n\tat sun.reflect.NativeConstructorAccessorImpl.newInstance(NativeConstructorAccessorImpl.java:62)\n\tat sun.reflect.DelegatingConstructorAccessorImpl.newInstance(DelegatingConstructorAccessorImpl.java:45)\n\tat java.lang.reflect.Constructor.newInstance(Constructor.java:423)\n\tat org.openqa.selenium.remote.http.W3CHttpResponseCodec.createException(W3CHttpResponseCodec.java:187)\n\tat org.openqa.selenium.remote.http.W3CHttpResponseCodec.decode(W3CHttpResponseCodec.java:122)\n\tat org.openqa.selenium.remote.http.W3CHttpResponseCodec.decode(W3CHttpResponseCodec.java:49)\n\tat org.openqa.selenium.remote.HttpCommandExecutor.execute(HttpCommandExecutor.java:158)\n\tat org.openqa.selenium.remote.RemoteWebDriver.execute(RemoteWebDriver.java:552)\n\tat org.openqa.selenium.remote.RemoteWebDriver.findElement(RemoteWebDriver.java:323)\n\tat org.openqa.selenium.remote.RemoteWebDriver.findElementByXPath(RemoteWebDriver.java:428)\n\tat org.openqa.selenium.By$ByXPath.findElement(By.java:353)\n\tat org.openqa.selenium.remote.RemoteWebDriver.findElement(RemoteWebDriver.java:315)\n\tat org.openqa.selenium.support.ui.ExpectedConditions$7.apply(ExpectedConditions.java:205)\n\tat org.openqa.selenium.support.ui.ExpectedConditions$7.apply(ExpectedConditions.java:201)\n\tat org.openqa.selenium.support.ui.FluentWait.until(FluentWait.java:249)\n\t... 8 more\n"}],"currentIteration":1,"currentSegmentIndex":0,"isDataDriven":false,"name":"Find the React repo on GitHub's website","path":"web","result":"failed","status":"completed","segments":[{"index":0,"result":"passed","status":"completed","timeStarted":1651836153679,"timeCompleted":1651836154390},{"index":1,"result":"failed","status":"completed","timeStarted":1651836154400,"timeCompleted":1651836200652}],"tags":[],"timeStarted":1651836153679,"timeCompleted":1651836200652}],"timeCreated":1651836148993,"timeStarted":1651836153679,"timeCompleted":1651836200653,"lastActivity":1651836200652,"_id":"Kdl0JgGE7Z1ESf6E","actorTags":[],"environment":"","currentDataRecordIndex":-1}
{"id":1645286235,"actors":{"50168":{"id":50168,"lastSeenTime":1645286229740,"testSessionId":1645286235,"type":"ACTOR1","tags":[],"_id":"8r77viULCNTH7kQL","ip":"::ffff:127.0.0.1","tests":[{"currentSegmentIndex":1,"segments":[{"index":0,"status":"completed","timeStarted":1645286235435,"timeCompleted":1645286235438,"result":"passed"},{"index":1,"status":"completed","timeStarted":1645286235449,"timeCompleted":1645286267014,"result":"passed"}],"name":"Mobile app test","path":"mobile","timeCompleted":null,"timeStarted":1645286235435}]}},"maxIterations":"1","currentIteration":1,"currentTestIndex":1,"currentSegmentIndex":0,"label":"Mobile_Test 5","result":"passed","status":"completed","tests":[{"actions":[{"action":"org.getopentest.appium.LaunchApp","actorType":"ACTOR1","args":{},"isCheckpoint":false,"description":"Launch the mobile app","durationMs":26325,"macroStack":[],"result":"passed","segment":1},{"action":"org.getopentest.appium.Tap","actorType":"ACTOR1","args":{"locator":{"xpath":"//*[@content-desc=\"Search Wikipedia\"]"}},"isCheckpoint":false,"description":"Click on Search Wikipedia button","durationMs":1825,"macroStack":[],"result":"passed","segment":1},{"action":"org.getopentest.appium.SendKeys","actorType":"ACTOR1","args":{"locator":{"id":"org.wikipedia.alpha:id/search_src_text"},"text":"BrowserStack"},"isCheckpoint":false,"description":"Enter Search Text","durationMs":3376,"macroStack":[],"result":"passed","segment":1}],"currentIteration":1,"currentSegmentIndex":0,"isDataDriven":false,"name":"Mobile app test","path":"mobile","result":"passed","status":"completed","segments":[{"index":0,"result":"passed","status":"completed","timeStarted":1645286235435,"timeCompleted":1645286235438},{"index":1,"result":"passed","status":"completed","timeStarted":1645286235449,"timeCompleted":1645286267014}],"tags":[],"timeStarted":1645286235435,"timeCompleted":1645286267014}],"timeCreated":1645286234651,"timeStarted":1645286235435,"timeCompleted":1645286267014,"lastActivity":1645286267013,"_id":"PltX6fEHeL0ny8uq","actorTags":[],"environment":"","currentDataRecordIndex":-1}
{"id":1645157116,"actors":{"45838":{"id":45838,"lastSeenTime":1645157111384,"testSessionId":1645157116,"type":"ACTOR1","tags":[],"_id":"YDAETuOWcr0SiRr2","ip":"::ffff:127.0.0.1","tests":[{"currentSegmentIndex":1,"segments":[{"index":0,"status":"completed","timeStarted":1645157116876,"timeCompleted":1645157116885,"result":"passed"},{"index":1,"status":"completed","timeStarted":1645157116921,"timeCompleted":1645157127598,"result":"failed","stackTrace":"java.lang.RuntimeException: There was an error while executing action no. 1 (org.getopentest.appium.SendKeys) in segment 1 of test mobile/Mobile app test.\nThe action definition was:\n{\n  \"action\": \"org.getopentest.appium.SendKeys\",\n  \"args\": {\n    \"locator\": {\n      \"xpath\": \"//*[contains(@resource-id,'username')]\"\n    },\n    \"text\": \"john.doe\"\n  },\n  \"description\": \"Type the username\"\n}\n\tat org.getopentest.base.TestActor.executeTestSegment(TestActor.java:2123)\n\tat org.getopentest.base.TestActor.runOneSession(TestActor.java:2981)\n\tat org.getopentest.base.TestActor.runOneSession(TestActor.java:3017)\n\tat org.getopentest.Main.main(Main.java:20)\nCaused by: java.lang.RuntimeException: Failed executing action org.getopentest.appium.SendKeys (arguments not available because the current action instance was not populated)\n\tat org.getopentest.base.TestActor.executeActionByDef(TestActor.java:1821)\n\tat org.getopentest.base.TestActor.executeTestSegment(TestActor.java:2073)\n\t... 3 more\nCaused by: java.lang.RuntimeException: java.lang.reflect.InvocationTargetException\n\tat org.getopentest.base.TestActor.executeActionByClassName(TestActor.java:1626)\n\tat org.getopentest.base.TestActor.executeActionByDef(TestActor.java:1705)\n\t... 4 more\nCaused by: java.lang.reflect.InvocationTargetException\n\tat sun.reflect.NativeConstructorAccessorImpl.newInstance0(Native Method)\n\tat sun.reflect.NativeConstructorAccessorImpl.newInstance(NativeConstructorAccessorImpl.java:62)\n\tat sun.reflect.DelegatingConstructorAccessorImpl.newInstance(DelegatingConstructorAccessorImpl.java:45)\n\tat java.lang.reflect.Constructor.newInstance(Constructor.java:423)\n\tat org.getopentest.base.TestActor.executeActionByClassName(TestActor.java:1601)\n\t... 5 more\nCaused by: org.openqa.selenium.WebDriverException: Connection refused (Connection refused)\nBuild info: version: '3.141.59', revision: 'e82be7d358', time: '2018-11-14T08:17:03'\nSystem info: host: 'Sankalans-MacBook-Pro.local', ip: 'fe80:0:0:0:1464:88d1:2f69:358c%en0', os.name: 'Mac OS X', os.arch: 'x86_64', os.version: '10.16', java.version: '1.8.0_202'\nDriver info: driver.version: IOSDriver\n\tat io.appium.java_client.remote.AppiumCommandExecutor.lambda$5(AppiumCommandExecutor.java:251)\n\tat java.util.Optional.orElseGet(Optional.java:267)\n\tat io.appium.java_client.remote.AppiumCommandExecutor.execute(AppiumCommandExecutor.java:250)\n\tat org.openqa.selenium.remote.RemoteWebDriver.execute(RemoteWebDriver.java:552)\n\tat io.appium.java_client.DefaultGenericMobileDriver.execute(DefaultGenericMobileDriver.java:42)\n\tat io.appium.java_client.AppiumDriver.execute(AppiumDriver.java:1)\n\tat io.appium.java_client.ios.IOSDriver.execute(IOSDriver.java:1)\n\tat org.openqa.selenium.remote.RemoteWebDriver.startSession(RemoteWebDriver.java:213)\n\tat org.openqa.selenium.remote.RemoteWebDriver.<init>(RemoteWebDriver.java:131)\n\tat io.appium.java_client.DefaultGenericMobileDriver.<init>(DefaultGenericMobileDriver.java:38)\n\tat io.appium.java_client.AppiumDriver.<init>(AppiumDriver.java:84)\n\tat io.appium.java_client.AppiumDriver.<init>(AppiumDriver.java:94)\n\tat io.appium.java_client.ios.IOSDriver.<init>(IOSDriver.java:95)\n\tat org.getopentest.appium.core.AppiumHelper.createDriver(AppiumHelper.java:106)\n\tat org.getopentest.appium.core.AppiumHelper.createDriverWithRetries(AppiumHelper.java:127)\n\tat org.getopentest.appium.core.AppiumHelper.getDriver(AppiumHelper.java:198)\n\tat org.getopentest.appium.core.AppiumTestAction.<init>(AppiumTestAction.java:53)\n\tat org.getopentest.appium.core.SwipingAction.<init>(SwipingAction.java:19)\n\tat org.getopentest.appium.SendKeys.<init>(SendKeys.java:7)\n\t... 10 more\nCaused by: java.net.ConnectException: Connection refused (Connection refused)\n\tat java.net.PlainSocketImpl.socketConnect(Native Method)\n\tat java.net.AbstractPlainSocketImpl.doConnect(AbstractPlainSocketImpl.java:350)\n\tat java.net.AbstractPlainSocketImpl.connectToAddress(AbstractPlainSocketImpl.java:206)\n\tat java.net.AbstractPlainSocketImpl.connect(AbstractPlainSocketImpl.java:188)\n\tat java.net.SocksSocketImpl.connect(SocksSocketImpl.java:392)\n\tat java.net.Socket.connect(Socket.java:589)\n\tat okhttp3.internal.platform.Platform.connectSocket(Platform.java:129)\n\tat okhttp3.internal.connection.RealConnection.connectSocket(RealConnection.java:245)\n\tat okhttp3.internal.connection.RealConnection.connect(RealConnection.java:165)\n\tat okhttp3.internal.connection.StreamAllocation.findConnection(StreamAllocation.java:257)\n\tat okhttp3.internal.connection.StreamAllocation.findHealthyConnection(StreamAllocation.java:135)\n\tat okhttp3.internal.connection.StreamAllocation.newStream(StreamAllocation.java:114)\n\tat okhttp3.internal.connection.ConnectInterceptor.intercept(ConnectInterceptor.java:42)\n\tat okhttp3.internal.http.RealInterceptorChain.proceed(RealInterceptorChain.java:147)\n\tat okhttp3.internal.http.RealInterceptorChain.proceed(RealInterceptorChain.java:121)\n\tat okhttp3.internal.cache.CacheInterceptor.intercept(CacheInterceptor.java:93)\n\tat okhttp3.internal.http.RealInterceptorChain.proceed(RealInterceptorChain.java:147)\n\tat okhttp3.internal.http.RealInterceptorChain.proceed(RealInterceptorChain.java:121)\n\tat okhttp3.internal.http.BridgeInterceptor.intercept(BridgeInterceptor.java:93)\n\tat okhttp3.internal.http.RealInterceptorChain.proceed(RealInterceptorChain.java:147)\n\tat okhttp3.internal.http.RetryAndFollowUpInterceptor.intercept(RetryAndFollowUpInterceptor.java:126)\n\tat okhttp3.internal.http.RealInterceptorChain.proceed(RealInterceptorChain.java:147)\n\tat okhttp3.internal.http.RealInterceptorChain.proceed(RealInterceptorChain.java:121)\n\tat okhttp3.RealCall.getResponseWithInterceptorChain(RealCall.java:200)\n\tat okhttp3.RealCall.execute(RealCall.java:77)\n\tat org.openqa.selenium.remote.internal.OkHttpClient.execute(OkHttpClient.java:103)\n\tat org.openqa.selenium.remote.ProtocolHandshake.createSession(ProtocolHandshake.java:105)\n\tat sun.reflect.NativeMethodAccessorImpl.invoke0(Native Method)\n\tat sun.reflect.NativeMethodAccessorImpl.invoke(NativeMethodAccessorImpl.java:62)\n\tat sun.reflect.DelegatingMethodAccessorImpl.invoke(DelegatingMethodAccessorImpl.java:43)\n\tat java.lang.reflect.Method.invoke(Method.java:498)\n\tat io.appium.java_client.remote.AppiumCommandExecutor$1.createSession(AppiumCommandExecutor.java:186)\n\tat io.appium.java_client.remote.AppiumCommandExecutor.createSession(AppiumCommandExecutor.java:217)\n\tat io.appium.java_client.remote.AppiumCommandExecutor.execute(AppiumCommandExecutor.java:239)\n\t... 26 more\n"}],"name":"Mobile app test","path":"mobile","timeCompleted":null,"timeStarted":1645157116876}]}},"maxIterations":"1","currentIteration":1,"currentTestIndex":1,"currentSegmentIndex":0,"label":"Session 1645157116","result":"failed","status":"completed","tests":[{"actions":[{"action":"org.getopentest.appium.SendKeys","actorType":"ACTOR1","args":{"locator":{"xpath":"//*[contains(@resource-id,'username')]"},"text":"john.doe"},"isCheckpoint":false,"description":"Type the username","durationMs":10616,"macroStack":[],"result":"failed","segment":1,"stackTrace":"java.lang.RuntimeException: java.lang.reflect.InvocationTargetException\n\tat org.getopentest.base.TestActor.executeActionByClassName(TestActor.java:1626)\n\tat org.getopentest.base.TestActor.executeActionByDef(TestActor.java:1705)\n\tat org.getopentest.base.TestActor.executeTestSegment(TestActor.java:2073)\n\tat org.getopentest.base.TestActor.runOneSession(TestActor.java:2981)\n\tat org.getopentest.base.TestActor.runOneSession(TestActor.java:3017)\n\tat org.getopentest.Main.main(Main.java:20)\nCaused by: java.lang.reflect.InvocationTargetException\n\tat sun.reflect.NativeConstructorAccessorImpl.newInstance0(Native Method)\n\tat sun.reflect.NativeConstructorAccessorImpl.newInstance(NativeConstructorAccessorImpl.java:62)\n\tat sun.reflect.DelegatingConstructorAccessorImpl.newInstance(DelegatingConstructorAccessorImpl.java:45)\n\tat java.lang.reflect.Constructor.newInstance(Constructor.java:423)\n\tat org.getopentest.base.TestActor.executeActionByClassName(TestActor.java:1601)\n\t... 5 more\nCaused by: org.openqa.selenium.WebDriverException: Connection refused (Connection refused)\nBuild info: version: '3.141.59', revision: 'e82be7d358', time: '2018-11-14T08:17:03'\nSystem info: host: 'Sankalans-MacBook-Pro.local', ip: 'fe80:0:0:0:1464:88d1:2f69:358c%en0', os.name: 'Mac OS X', os.arch: 'x86_64', os.version: '10.16', java.version: '1.8.0_202'\nDriver info: driver.version: IOSDriver\n\tat io.appium.java_client.remote.AppiumCommandExecutor.lambda$5(AppiumCommandExecutor.java:251)\n\tat java.util.Optional.orElseGet(Optional.java:267)\n\tat io.appium.java_client.remote.AppiumCommandExecutor.execute(AppiumCommandExecutor.java:250)\n\tat org.openqa.selenium.remote.RemoteWebDriver.execute(RemoteWebDriver.java:552)\n\tat io.appium.java_client.DefaultGenericMobileDriver.execute(DefaultGenericMobileDriver.java:42)\n\tat io.appium.java_client.AppiumDriver.execute(AppiumDriver.java:1)\n\tat io.appium.java_client.ios.IOSDriver.execute(IOSDriver.java:1)\n\tat org.openqa.selenium.remote.RemoteWebDriver.startSession(RemoteWebDriver.java:213)\n\tat org.openqa.selenium.remote.RemoteWebDriver.<init>(RemoteWebDriver.java:131)\n\tat io.appium.java_client.DefaultGenericMobileDriver.<init>(DefaultGenericMobileDriver.java:38)\n\tat io.appium.java_client.AppiumDriver.<init>(AppiumDriver.java:84)\n\tat io.appium.java_client.AppiumDriver.<init>(AppiumDriver.java:94)\n\tat io.appium.java_client.ios.IOSDriver.<init>(IOSDriver.java:95)\n\tat org.getopentest.appium.core.AppiumHelper.createDriver(AppiumHelper.java:106)\n\tat org.getopentest.appium.core.AppiumHelper.createDriverWithRetries(AppiumHelper.java:127)\n\tat org.getopentest.appium.core.AppiumHelper.getDriver(AppiumHelper.java:198)\n\tat org.getopentest.appium.core.AppiumTestAction.<init>(AppiumTestAction.java:53)\n\tat org.getopentest.appium.core.SwipingAction.<init>(SwipingAction.java:19)\n\tat org.getopentest.appium.SendKeys.<init>(SendKeys.java:7)\n\t... 10 more\nCaused by: java.net.ConnectException: Connection refused (Connection refused)\n\tat java.net.PlainSocketImpl.socketConnect(Native Method)\n\tat java.net.AbstractPlainSocketImpl.doConnect(AbstractPlainSocketImpl.java:350)\n\tat java.net.AbstractPlainSocketImpl.connectToAddress(AbstractPlainSocketImpl.java:206)\n\tat java.net.AbstractPlainSocketImpl.connect(AbstractPlainSocketImpl.java:188)\n\tat java.net.SocksSocketImpl.connect(SocksSocketImpl.java:392)\n\tat java.net.Socket.connect(Socket.java:589)\n\tat okhttp3.internal.platform.Platform.connectSocket(Platform.java:129)\n\tat okhttp3.internal.connection.RealConnection.connectSocket(RealConnection.java:245)\n\tat okhttp3.internal.connection.RealConnection.connect(RealConnection.java:165)\n\tat okhttp3.internal.connection.StreamAllocation.findConnection(StreamAllocation.java:257)\n\tat okhttp3.internal.connection.StreamAllocation.findHealthyConnection(StreamAllocation.java:135)\n\tat okhttp3.internal.connection.StreamAllocation.newStream(StreamAllocation.java:114)\n\tat okhttp3.internal.connection.ConnectInterceptor.intercept(ConnectInterceptor.java:42)\n\tat okhttp3.internal.http.RealInterceptorChain.proceed(RealInterceptorChain.java:147)\n\tat okhttp3.internal.http.RealInterceptorChain.proceed(RealInterceptorChain.java:121)\n\tat okhttp3.internal.cache.CacheInterceptor.intercept(CacheInterceptor.java:93)\n\tat okhttp3.internal.http.RealInterceptorChain.proceed(RealInterceptorChain.java:147)\n\tat okhttp3.internal.http.RealInterceptorChain.proceed(RealInterceptorChain.java:121)\n\tat okhttp3.internal.http.BridgeInterceptor.intercept(BridgeInterceptor.java:93)\n\tat okhttp3.internal.http.RealInterceptorChain.proceed(RealInterceptorChain.java:147)\n\tat okhttp3.internal.http.RetryAndFollowUpInterceptor.intercept(RetryAndFollowUpInterceptor.java:126)\n\tat okhttp3.internal.http.RealInterceptorChain.proceed(RealInterceptorChain.java:147)\n\tat okhttp3.internal.http.RealInterceptorChain.proceed(RealInterceptorChain.java:121)\n\tat okhttp3.RealCall.getResponseWithInterceptorChain(RealCall.java:200)\n\tat okhttp3.RealCall.execute(RealCall.java:77)\n\tat org.openqa.selenium.remote.internal.OkHttpClient.execute(OkHttpClient.java:103)\n\tat org.openqa.selenium.remote.ProtocolHandshake.createSession(ProtocolHandshake.java:105)\n\tat sun.reflect.NativeMethodAccessorImpl.invoke0(Native Method)\n\tat sun.reflect.NativeMethodAccessorImpl.invoke(NativeMethodAccessorImpl.java:62)\n\tat sun.reflect.DelegatingMethodAccessorImpl.invoke(DelegatingMethodAccessorImpl.java:43)\n\tat java.lang.reflect.Method.invoke(Method.java:498)\n\tat io.appium.java_client.remote.AppiumCommandExecutor$1.createSession(AppiumCommandExecutor.java:186)\n\tat io.appium.java_client.remote.AppiumCommandExecutor.createSession(AppiumCommandExecutor.java:217)\n\tat io.appium.java_client.remote.AppiumCommandExecutor.execute(AppiumCommandExecutor.java:239)\n\t... 26 more\n"}],"currentIteration":1,"currentSegmentIndex":0,"isDataDriven":false,"name":"Mobile app test","path":"mobile","result":"failed","status":"completed","segments":[{"index":0,"result":"passed","status":"completed","timeStarted":1645157116876,"timeCompleted":1645157116885},{"index":1,"result":"failed","status":"completed","timeStarted":1645157116921,"timeCompleted":1645157127598}],"tags":[],"timeStarted":1645157116876,"timeCompleted":1645157127598}],"timeCreated":1645157115942,"timeStarted":1645157116876,"timeCompleted":1645157127598,"lastActivity":1645157127597,"_id":"TCc8XScvm5HyKOyr","actorTags":[],"environment":"","currentDataRecordIndex":-1}
{"id":1645172753,"actors":{"27171":{"id":27171,"lastSeenTime":1645172749660,"testSessionId":1645172753,"type":"ACTOR1","tags":[],"_id":"eMM06btAp4JuRkV4","ip":"::ffff:127.0.0.1","tests":[{"currentSegmentIndex":1,"segments":[{"index":0,"status":"completed","timeStarted":1645172755120,"timeCompleted":1645172755123,"result":"passed"},{"index":1,"status":"completed","timeStarted":1645172755253,"timeCompleted":1645172755313,"result":"failed","stackTrace":"java.lang.RuntimeException: There was an error while executing action no. 1 (org.getopentest.appium.Click) in segment 1 of test mobile/Mobile app test.\nThe action definition was:\n{\n  \"action\": \"org.getopentest.appium.Click\",\n  \"args\": {\n    \"locator\": {\n      \"id\": \"Search Wikipedia\"\n    }\n  },\n  \"description\": \"Click on Search Wikipedia button\"\n}\n\tat org.getopentest.base.TestActor.executeTestSegment(TestActor.java:2123)\n\tat org.getopentest.base.TestActor.runOneSession(TestActor.java:2981)\n\tat org.getopentest.base.TestActor.runOneSession(TestActor.java:3017)\n\tat org.getopentest.Main.main(Main.java:20)\nCaused by: java.lang.RuntimeException: Failed executing action org.getopentest.appium.Click (arguments not available because the current action instance was not populated)\n\tat org.getopentest.base.TestActor.executeActionByDef(TestActor.java:1821)\n\tat org.getopentest.base.TestActor.executeTestSegment(TestActor.java:2073)\n\t... 3 more\nCaused by: java.lang.RuntimeException: Failed to find test action class \"org.getopentest.appium.Click\". Most common causes to watch for are capitalization mistakes (e.g. using \"some.package.sampleAction\" instead \"some.package.SampleAction\") or spelling mistakes. If these look good, make sure the JAR file where the test action class is implemented exists in the CLASSPATH. A less common cause for this error is having a dependency conflict that prevents the test action class from instantiating.\n\tat org.getopentest.base.TestActor.executeActionByClassName(TestActor.java:1613)\n\tat org.getopentest.base.TestActor.executeActionByDef(TestActor.java:1705)\n\t... 4 more\nCaused by: java.lang.ClassNotFoundException: org.getopentest.appium.Click\n\tat java.net.URLClassLoader.findClass(URLClassLoader.java:382)\n\tat java.lang.ClassLoader.loadClass(ClassLoader.java:424)\n\tat sun.misc.Launcher$AppClassLoader.loadClass(Launcher.java:349)\n\tat java.lang.ClassLoader.loadClass(ClassLoader.java:357)\n\tat java.lang.Class.forName0(Native Method)\n\tat java.lang.Class.forName(Class.java:264)\n\tat org.getopentest.base.TestActor.executeActionByClassName(TestActor.java:1598)\n\t... 5 more\n"}],"name":"Mobile app test","path":"mobile","timeCompleted":null,"timeStarted":1645172755120}]}},"maxIterations":"1","currentIteration":1,"currentTestIndex":1,"currentSegmentIndex":0,"label":"Mobile_Test","result":"failed","status":"completed","tests":[{"actions":[{"action":"org.getopentest.appium.Click","actorType":"ACTOR1","args":{"locator":{"id":"Search Wikipedia"}},"isCheckpoint":false,"description":"Click on Search Wikipedia button","durationMs":4,"macroStack":[],"result":"failed","segment":1,"stackTrace":"java.lang.RuntimeException: Failed to find test action class \"org.getopentest.appium.Click\". Most common causes to watch for are capitalization mistakes (e.g. using \"some.package.sampleAction\" instead \"some.package.SampleAction\") or spelling mistakes. If these look good, make sure the JAR file where the test action class is implemented exists in the CLASSPATH. A less common cause for this error is having a dependency conflict that prevents the test action class from instantiating.\n\tat org.getopentest.base.TestActor.executeActionByClassName(TestActor.java:1613)\n\tat org.getopentest.base.TestActor.executeActionByDef(TestActor.java:1705)\n\tat org.getopentest.base.TestActor.executeTestSegment(TestActor.java:2073)\n\tat org.getopentest.base.TestActor.runOneSession(TestActor.java:2981)\n\tat org.getopentest.base.TestActor.runOneSession(TestActor.java:3017)\n\tat org.getopentest.Main.main(Main.java:20)\nCaused by: java.lang.ClassNotFoundException: org.getopentest.appium.Click\n\tat java.net.URLClassLoader.findClass(URLClassLoader.java:382)\n\tat java.lang.ClassLoader.loadClass(ClassLoader.java:424)\n\tat sun.misc.Launcher$AppClassLoader.loadClass(Launcher.java:349)\n\tat java.lang.ClassLoader.loadClass(ClassLoader.java:357)\n\tat java.lang.Class.forName0(Native Method)\n\tat java.lang.Class.forName(Class.java:264)\n\tat org.getopentest.base.TestActor.executeActionByClassName(TestActor.java:1598)\n\t... 5 more\n"}],"currentIteration":1,"currentSegmentIndex":0,"isDataDriven":false,"name":"Mobile app test","path":"mobile","result":"failed","status":"completed","segments":[{"index":0,"result":"passed","status":"completed","timeStarted":1645172755120,"timeCompleted":1645172755123},{"index":1,"result":"failed","status":"completed","timeStarted":1645172755253,"timeCompleted":1645172755313}],"tags":[],"timeStarted":1645172755120,"timeCompleted":1645172755313}],"timeCreated":1645172753344,"timeStarted":1645172755120,"timeCompleted":1645172755313,"lastActivity":1645172755313,"_id":"VFeWNuUOvKhjjp7J","actorTags":[],"environment":"","currentDataRecordIndex":-1}
{"id":1645171494,"actors":{"57109":{"id":57109,"lastSeenTime":1645171489081,"testSessionId":1645171494,"type":"ACTOR1","tags":[],"_id":"Zl4U1r4e10a4cxrF","ip":"::ffff:127.0.0.1","tests":[{"currentSegmentIndex":1,"segments":[{"index":0,"status":"completed","timeStarted":1645171494727,"timeCompleted":1645171494730,"result":"passed"},{"index":1,"status":"completed","timeStarted":1645171494739,"timeCompleted":1645171494876,"result":"failed","stackTrace":"java.lang.RuntimeException: There was an error while executing action no. 1 (org.getopentest.appium.Click) in segment 1 of test mobile/Mobile app test.\nThe action definition was:\n{\n  \"action\": \"org.getopentest.appium.Click\",\n  \"args\": {\n    \"locator\": {\n      \"id\": \"Search Wikipedia\"\n    }\n  },\n  \"description\": \"Click on Search Wikipedia button\"\n}\n\tat org.getopentest.base.TestActor.executeTestSegment(TestActor.java:2123)\n\tat org.getopentest.base.TestActor.runOneSession(TestActor.java:2981)\n\tat org.getopentest.base.TestActor.runOneSession(TestActor.java:3017)\n\tat org.getopentest.Main.main(Main.java:20)\nCaused by: java.lang.RuntimeException: Failed executing action org.getopentest.appium.Click (arguments not available because the current action instance was not populated)\n\tat org.getopentest.base.TestActor.executeActionByDef(TestActor.java:1821)\n\tat org.getopentest.base.TestActor.executeTestSegment(TestActor.java:2073)\n\t... 3 more\nCaused by: java.lang.RuntimeException: Failed to find test action class \"org.getopentest.appium.Click\". Most common causes to watch for are capitalization mistakes (e.g. using \"some.package.sampleAction\" instead \"some.package.SampleAction\") or spelling mistakes. If these look good, make sure the JAR file where the test action class is implemented exists in the CLASSPATH. A less common cause for this error is having a dependency conflict that prevents the test action class from instantiating.\n\tat org.getopentest.base.TestActor.executeActionByClassName(TestActor.java:1613)\n\tat org.getopentest.base.TestActor.executeActionByDef(TestActor.java:1705)\n\t... 4 more\nCaused by: java.lang.ClassNotFoundException: org.getopentest.appium.Click\n\tat java.net.URLClassLoader.findClass(URLClassLoader.java:382)\n\tat java.lang.ClassLoader.loadClass(ClassLoader.java:424)\n\tat sun.misc.Launcher$AppClassLoader.loadClass(Launcher.java:349)\n\tat java.lang.ClassLoader.loadClass(ClassLoader.java:357)\n\tat java.lang.Class.forName0(Native Method)\n\tat java.lang.Class.forName(Class.java:264)\n\tat org.getopentest.base.TestActor.executeActionByClassName(TestActor.java:1598)\n\t... 5 more\n"}],"name":"Mobile app test","path":"mobile","timeCompleted":null,"timeStarted":1645171494727}]}},"maxIterations":"1","currentIteration":1,"currentTestIndex":1,"currentSegmentIndex":0,"label":"Mobile_Session1","result":"failed","status":"completed","tests":[{"actions":[{"action":"org.getopentest.appium.Click","actorType":"ACTOR1","args":{"locator":{"id":"Search Wikipedia"}},"isCheckpoint":false,"description":"Click on Search Wikipedia button","durationMs":1,"macroStack":[],"result":"failed","segment":1,"stackTrace":"java.lang.RuntimeException: Failed to find test action class \"org.getopentest.appium.Click\". Most common causes to watch for are capitalization mistakes (e.g. using \"some.package.sampleAction\" instead \"some.package.SampleAction\") or spelling mistakes. If these look good, make sure the JAR file where the test action class is implemented exists in the CLASSPATH. A less common cause for this error is having a dependency conflict that prevents the test action class from instantiating.\n\tat org.getopentest.base.TestActor.executeActionByClassName(TestActor.java:1613)\n\tat org.getopentest.base.TestActor.executeActionByDef(TestActor.java:1705)\n\tat org.getopentest.base.TestActor.executeTestSegment(TestActor.java:2073)\n\tat org.getopentest.base.TestActor.runOneSession(TestActor.java:2981)\n\tat org.getopentest.base.TestActor.runOneSession(TestActor.java:3017)\n\tat org.getopentest.Main.main(Main.java:20)\nCaused by: java.lang.ClassNotFoundException: org.getopentest.appium.Click\n\tat java.net.URLClassLoader.findClass(URLClassLoader.java:382)\n\tat java.lang.ClassLoader.loadClass(ClassLoader.java:424)\n\tat sun.misc.Launcher$AppClassLoader.loadClass(Launcher.java:349)\n\tat java.lang.ClassLoader.loadClass(ClassLoader.java:357)\n\tat java.lang.Class.forName0(Native Method)\n\tat java.lang.Class.forName(Class.java:264)\n\tat org.getopentest.base.TestActor.executeActionByClassName(TestActor.java:1598)\n\t... 5 more\n"}],"currentIteration":1,"currentSegmentIndex":0,"isDataDriven":false,"name":"Mobile app test","path":"mobile","result":"failed","status":"completed","segments":[{"index":0,"result":"passed","status":"completed","timeStarted":1645171494727,"timeCompleted":1645171494730},{"index":1,"result":"failed","status":"completed","timeStarted":1645171494739,"timeCompleted":1645171494876}],"tags":[],"timeStarted":1645171494727,"timeCompleted":1645171494876}],"timeCreated":1645171493821,"timeStarted":1645171494727,"timeCompleted":1645171494876,"lastActivity":1645171494875,"_id":"apoSBzNBMjLbwBkb","actorTags":[],"environment":"","currentDataRecordIndex":-1}
{"id":1651834616,"actors":{"54655":{"id":54655,"lastSeenTime":1651834613905,"testSessionId":1651834616,"type":"ACTOR1","tags":[],"_id":"YywKl4FwxMfETUz3","ip":"::ffff:127.0.0.1","tests":[{"currentSegmentIndex":1,"segments":[{"index":0,"status":"completed","timeStarted":1651834620121,"timeCompleted":1651834620124,"result":"passed"},{"index":1,"status":"completed","timeStarted":1651834620133,"timeCompleted":1651834637218,"result":"failed","stackTrace":"java.lang.RuntimeException: There was an error while executing action no. 1 (org.getopentest.appium.LaunchApp) in segment 1 of test mobile/Mobile app test.\nThe action definition was:\n{\n  \"action\": \"org.getopentest.appium.LaunchApp\",\n  \"description\": \"Launch the mobile app\"\n}\n\tat org.getopentest.base.TestActor.executeTestSegment(TestActor.java:2123)\n\tat org.getopentest.base.TestActor.runOneSession(TestActor.java:2981)\n\tat org.getopentest.base.TestActor.runOneSession(TestActor.java:3017)\n\tat org.getopentest.Main.main(Main.java:20)\nCaused by: java.lang.RuntimeException: Failed executing action org.getopentest.appium.LaunchApp (arguments not available because the current action instance was not populated)\n\tat org.getopentest.base.TestActor.executeActionByDef(TestActor.java:1821)\n\tat org.getopentest.base.TestActor.executeTestSegment(TestActor.java:2073)\n\t... 3 more\nCaused by: java.lang.RuntimeException: java.lang.reflect.InvocationTargetException\n\tat org.getopentest.base.TestActor.executeActionByClassName(TestActor.java:1626)\n\tat org.getopentest.base.TestActor.executeActionByDef(TestActor.java:1705)\n\t... 4 more\nCaused by: java.lang.reflect.InvocationTargetException\n\tat sun.reflect.NativeConstructorAccessorImpl.newInstance0(Native Method)\n\tat sun.reflect.NativeConstructorAccessorImpl.newInstance(NativeConstructorAccessorImpl.java:62)\n\tat sun.reflect.DelegatingConstructorAccessorImpl.newInstance(DelegatingConstructorAccessorImpl.java:45)\n\tat java.lang.reflect.Constructor.newInstance(Constructor.java:423)\n\tat org.getopentest.base.TestActor.executeActionByClassName(TestActor.java:1601)\n\t... 5 more\nCaused by: org.openqa.selenium.SessionNotCreatedException: Unable to create a new remote session. Please check the server log for more details. Original error: [BROWSERSTACK_INVALID_APP_CAP] The app_url/ custom_id/ shareable_id specified in the 'app' capability in your test script is invalid. Please update the 'app' capability with a valid value and try again. (WARNING: The server did not provide any stacktrace information)\nCommand duration or timeout: 1.89 seconds\nBuild info: version: '3.141.59', revision: 'e82be7d358', time: '2018-11-14T08:17:03'\nSystem info: host: 'Sankalans-MacBook-Pro.local', ip: 'fe80:0:0:0:10c0:553b:b029:d280%en0', os.name: 'Mac OS X', os.arch: 'x86_64', os.version: '10.16', java.version: '1.8.0_202'\nDriver info: driver.version: AndroidDriver\nBuild info: version: '3.141.59', revision: 'e82be7d358', time: '2018-11-14T08:17:03'\nSystem info: host: 'Sankalans-MacBook-Pro.local', ip: 'fe80:0:0:0:10c0:553b:b029:d280%en0', os.name: 'Mac OS X', os.arch: 'x86_64', os.version: '10.16', java.version: '1.8.0_202'\nDriver info: driver.version: AndroidDriver\n\tat io.appium.java_client.remote.AppiumCommandExecutor$1.createSession(AppiumCommandExecutor.java:208)\n\tat io.appium.java_client.remote.AppiumCommandExecutor.createSession(AppiumCommandExecutor.java:217)\n\tat io.appium.java_client.remote.AppiumCommandExecutor.execute(AppiumCommandExecutor.java:239)\n\tat org.openqa.selenium.remote.RemoteWebDriver.execute(RemoteWebDriver.java:552)\n\tat io.appium.java_client.DefaultGenericMobileDriver.execute(DefaultGenericMobileDriver.java:42)\n\tat io.appium.java_client.AppiumDriver.execute(AppiumDriver.java:1)\n\tat io.appium.java_client.android.AndroidDriver.execute(AndroidDriver.java:1)\n\tat org.openqa.selenium.remote.RemoteWebDriver.startSession(RemoteWebDriver.java:213)\n\tat org.openqa.selenium.remote.RemoteWebDriver.<init>(RemoteWebDriver.java:131)\n\tat io.appium.java_client.DefaultGenericMobileDriver.<init>(DefaultGenericMobileDriver.java:38)\n\tat io.appium.java_client.AppiumDriver.<init>(AppiumDriver.java:84)\n\tat io.appium.java_client.AppiumDriver.<init>(AppiumDriver.java:94)\n\tat io.appium.java_client.android.AndroidDriver.<init>(AndroidDriver.java:95)\n\tat org.getopentest.appium.core.AppiumHelper.createDriver(AppiumHelper.java:99)\n\tat org.getopentest.appium.core.AppiumHelper.createDriverWithRetries(AppiumHelper.java:127)\n\tat org.getopentest.appium.core.AppiumHelper.getDriver(AppiumHelper.java:198)\n\tat org.getopentest.appium.core.AppiumTestAction.<init>(AppiumTestAction.java:53)\n\tat org.getopentest.appium.LaunchApp.<init>(LaunchApp.java:14)\n\t... 10 more\nCaused by: java.lang.reflect.InvocationTargetException\n\tat sun.reflect.NativeMethodAccessorImpl.invoke0(Native Method)\n\tat sun.reflect.NativeMethodAccessorImpl.invoke(NativeMethodAccessorImpl.java:62)\n\tat sun.reflect.DelegatingMethodAccessorImpl.invoke(DelegatingMethodAccessorImpl.java:43)\n\tat java.lang.reflect.Method.invoke(Method.java:498)\n\tat io.appium.java_client.remote.AppiumCommandExecutor$1.createSession(AppiumCommandExecutor.java:186)\n\t... 27 more\nCaused by: org.openqa.selenium.WebDriverException: [BROWSERSTACK_INVALID_APP_CAP] The app_url/ custom_id/ shareable_id specified in the 'app' capability in your test script is invalid. Please update the 'app' capability with a valid value and try again. (WARNING: The server did not provide any stacktrace information)\nCommand duration or timeout: 1.89 seconds\nBuild info: version: '3.141.59', revision: 'e82be7d358', time: '2018-11-14T08:17:03'\nSystem info: host: 'Sankalans-MacBook-Pro.local', ip: 'fe80:0:0:0:10c0:553b:b029:d280%en0', os.name: 'Mac OS X', os.arch: 'x86_64', os.version: '10.16', java.version: '1.8.0_202'\nDriver info: driver.version: AndroidDriver\n\tat sun.reflect.NativeConstructorAccessorImpl.newInstance0(Native Method)\n\tat sun.reflect.NativeConstructorAccessorImpl.newInstance(NativeConstructorAccessorImpl.java:62)\n\tat sun.reflect.DelegatingConstructorAccessorImpl.newInstance(DelegatingConstructorAccessorImpl.java:45)\n\tat java.lang.reflect.Constructor.newInstance(Constructor.java:423)\n\tat org.openqa.selenium.remote.ErrorHandler.createThrowable(ErrorHandler.java:214)\n\tat org.openqa.selenium.remote.ErrorHandler.throwIfResponseFailed(ErrorHandler.java:166)\n\tat org.openqa.selenium.remote.JsonWireProtocolResponse.lambda$errorHandler$0(JsonWireProtocolResponse.java:54)\n\tat org.openqa.selenium.remote.HandshakeResponse.lambda$getResponseFunction$0(HandshakeResponse.java:30)\n\tat org.openqa.selenium.remote.ProtocolHandshake.lambda$createSession$0(ProtocolHandshake.java:126)\n\tat java.util.stream.ReferencePipeline$3$1.accept(ReferencePipeline.java:193)\n\tat java.util.Spliterators$ArraySpliterator.tryAdvance(Spliterators.java:958)\n\tat java.util.stream.ReferencePipeline.forEachWithCancel(ReferencePipeline.java:126)\n\tat java.util.stream.AbstractPipeline.copyIntoWithCancel(AbstractPipeline.java:498)\n\tat java.util.stream.AbstractPipeline.copyInto(AbstractPipeline.java:485)\n\tat java.util.stream.AbstractPipeline.wrapAndCopyInto(AbstractPipeline.java:471)\n\tat java.util.stream.FindOps$FindOp.evaluateSequential(FindOps.java:152)\n\tat java.util.stream.AbstractPipeline.evaluate(AbstractPipeline.java:234)\n\tat java.util.stream.ReferencePipeline.findFirst(ReferencePipeline.java:464)\n\tat org.openqa.selenium.remote.ProtocolHandshake.createSession(ProtocolHandshake.java:128)\n\t... 32 more\n"}],"name":"Mobile app test","path":"mobile","timeCompleted":null,"timeStarted":1651834620121},{"currentSegmentIndex":1,"segments":[{"index":0,"status":"completed","timeStarted":1651834637943,"timeCompleted":1651834637947,"result":"passed"},{"index":1,"status":"completed","timeStarted":1651834637969,"timeCompleted":1651834675762,"result":"failed","stackTrace":"java.lang.RuntimeException: There was an error while executing action no. 4 (org.getopentest.selenium.AssertElementVisible) in segment 1 of test web/Find the React repo on GitHub's website.\nThe action definition was:\n{\n  \"action\": \"org.getopentest.selenium.AssertElementVisible\",\n  \"args\": {\n    \"locator\": {\n      \"xpath\": \"//*[contains(@class,'btn')][contains(text(),'Clone')]\"\n    }\n  },\n  \"description\": \"Verify that the Clone button exists and is visible\"\n}\n\tat org.getopentest.base.TestActor.executeTestSegment(TestActor.java:2123)\n\tat org.getopentest.base.TestActor.runOneSession(TestActor.java:2981)\n\tat org.getopentest.base.TestActor.runOneSession(TestActor.java:3017)\n\tat org.getopentest.Main.main(Main.java:20)\nCaused by: java.lang.RuntimeException: Failed executing action org.getopentest.selenium.AssertElementVisible with arguments {\"locator\":{\"xpath\":\"//*[contains(@class,'btn')][contains(text(),'Clone')]\"}}\n\tat org.getopentest.base.TestActor.executeActionByDef(TestActor.java:1821)\n\tat org.getopentest.base.TestActor.executeTestSegment(TestActor.java:2073)\n\t... 3 more\nCaused by: java.lang.RuntimeException: org.openqa.selenium.TimeoutException: Expected condition failed: waiting for visibility of element located by By.xpath: //*[contains(@class,'btn')][contains(text(),'Clone')] (tried for 10 second(s) with 500 milliseconds interval)\n\tat org.getopentest.base.TestActor.executeActionByClassName(TestActor.java:1626)\n\tat org.getopentest.base.TestActor.executeActionByDef(TestActor.java:1705)\n\t... 4 more\nCaused by: org.openqa.selenium.TimeoutException: Expected condition failed: waiting for visibility of element located by By.xpath: //*[contains(@class,'btn')][contains(text(),'Clone')] (tried for 10 second(s) with 500 milliseconds interval)\n\tat org.openqa.selenium.support.ui.WebDriverWait.timeoutException(WebDriverWait.java:95)\n\tat org.openqa.selenium.support.ui.FluentWait.until(FluentWait.java:272)\n\tat org.getopentest.selenium.AssertElementVisible.run(AssertElementVisible.java:20)\n\tat org.getopentest.base.TestActor.executeAction(TestActor.java:1527)\n\tat org.getopentest.base.TestActor.executeActionByClassName(TestActor.java:1603)\n\t... 5 more\nCaused by: org.openqa.selenium.NoSuchElementException: no such element: Unable to locate element: {\"method\":\"xpath\",\"selector\":\"//*[contains(@class,'btn')][contains(text(),'Clone')]\"}\n  (Session info: chrome=101.0.4951.41)\nFor documentation on this error, please visit: https://www.seleniumhq.org/exceptions/no_such_element.html\nBuild info: version: '3.141.59', revision: 'e82be7d358', time: '2018-11-14T08:17:03'\nSystem info: host: 'Sankalans-MacBook-Pro.local', ip: 'fe80:0:0:0:10c0:553b:b029:d280%en0', os.name: 'Mac OS X', os.arch: 'x86_64', os.version: '10.16', java.version: '1.8.0_202'\nDriver info: org.openqa.selenium.remote.RemoteWebDriver\nCapabilities {acceptInsecureCerts: false, browserName: chrome, browserVersion: 101.0.4951.41, chrome: {chromedriverVersion: 101.0.4951.15 (0dcf182bd388..., userDataDir: C:\\Windows\\proxy\\scoped_dir...}, goog:chromeOptions: {debuggerAddress: localhost:7661}, javascriptEnabled: true, networkConnectionEnabled: false, pageLoadStrategy: normal, platform: WINDOWS, platformName: WINDOWS, proxy: Proxy(), setWindowRect: true, strictFileInteractability: false, timeouts: {implicit: 0, pageLoad: 300000, script: 30000}, unhandledPromptBehavior: dismiss and notify, webauthn:extension:credBlob: true, webauthn:extension:largeBlob: true, webauthn:virtualAuthenticators: true, webdriver.remote.sessionid: 2930bd512d5b78a4f5e4ec6daf8...}\nSession ID: 2930bd512d5b78a4f5e4ec6daf89dec28f7ca426\n*** Element info: {Using=xpath, value=//*[contains(@class,'btn')][contains(text(),'Clone')]}\n\tat sun.reflect.NativeConstructorAccessorImpl.newInstance0(Native Method)\n\tat sun.reflect.NativeConstructorAccessorImpl.newInstance(NativeConstructorAccessorImpl.java:62)\n\tat sun.reflect.DelegatingConstructorAccessorImpl.newInstance(DelegatingConstructorAccessorImpl.java:45)\n\tat java.lang.reflect.Constructor.newInstance(Constructor.java:423)\n\tat org.openqa.selenium.remote.http.W3CHttpResponseCodec.createException(W3CHttpResponseCodec.java:187)\n\tat org.openqa.selenium.remote.http.W3CHttpResponseCodec.decode(W3CHttpResponseCodec.java:122)\n\tat org.openqa.selenium.remote.http.W3CHttpResponseCodec.decode(W3CHttpResponseCodec.java:49)\n\tat org.openqa.selenium.remote.HttpCommandExecutor.execute(HttpCommandExecutor.java:158)\n\tat org.openqa.selenium.remote.RemoteWebDriver.execute(RemoteWebDriver.java:552)\n\tat org.openqa.selenium.remote.RemoteWebDriver.findElement(RemoteWebDriver.java:323)\n\tat org.openqa.selenium.remote.RemoteWebDriver.findElementByXPath(RemoteWebDriver.java:428)\n\tat org.openqa.selenium.By$ByXPath.findElement(By.java:353)\n\tat org.openqa.selenium.remote.RemoteWebDriver.findElement(RemoteWebDriver.java:315)\n\tat org.openqa.selenium.support.ui.ExpectedConditions$7.apply(ExpectedConditions.java:205)\n\tat org.openqa.selenium.support.ui.ExpectedConditions$7.apply(ExpectedConditions.java:201)\n\tat org.openqa.selenium.support.ui.FluentWait.until(FluentWait.java:249)\n\t... 8 more\n"}],"name":"Find the React repo on GitHub's website","path":"web","timeCompleted":null,"timeStarted":1651834637943}]}},"maxIterations":"1","currentIteration":1,"currentTestIndex":2,"currentSegmentIndex":0,"label":"Session 1651834616","result":"failed","status":"completed","tests":[{"actions":[{"action":"org.getopentest.appium.LaunchApp","actorType":"ACTOR1","args":{},"isCheckpoint":false,"description":"Launch the mobile app","durationMs":17024,"macroStack":[],"result":"failed","segment":1,"stackTrace":"java.lang.RuntimeException: java.lang.reflect.InvocationTargetException\n\tat org.getopentest.base.TestActor.executeActionByClassName(TestActor.java:1626)\n\tat org.getopentest.base.TestActor.executeActionByDef(TestActor.java:1705)\n\tat org.getopentest.base.TestActor.executeTestSegment(TestActor.java:2073)\n\tat org.getopentest.base.TestActor.runOneSession(TestActor.java:2981)\n\tat org.getopentest.base.TestActor.runOneSession(TestActor.java:3017)\n\tat org.getopentest.Main.main(Main.java:20)\nCaused by: java.lang.reflect.InvocationTargetException\n\tat sun.reflect.NativeConstructorAccessorImpl.newInstance0(Native Method)\n\tat sun.reflect.NativeConstructorAccessorImpl.newInstance(NativeConstructorAccessorImpl.java:62)\n\tat sun.reflect.DelegatingConstructorAccessorImpl.newInstance(DelegatingConstructorAccessorImpl.java:45)\n\tat java.lang.reflect.Constructor.newInstance(Constructor.java:423)\n\tat org.getopentest.base.TestActor.executeActionByClassName(TestActor.java:1601)\n\t... 5 more\nCaused by: org.openqa.selenium.SessionNotCreatedException: Unable to create a new remote session. Please check the server log for more details. Original error: [BROWSERSTACK_INVALID_APP_CAP] The app_url/ custom_id/ shareable_id specified in the 'app' capability in your test script is invalid. Please update the 'app' capability with a valid value and try again. (WARNING: The server did not provide any stacktrace information)\nCommand duration or timeout: 1.89 seconds\nBuild info: version: '3.141.59', revision: 'e82be7d358', time: '2018-11-14T08:17:03'\nSystem info: host: 'Sankalans-MacBook-Pro.local', ip: 'fe80:0:0:0:10c0:553b:b029:d280%en0', os.name: 'Mac OS X', os.arch: 'x86_64', os.version: '10.16', java.version: '1.8.0_202'\nDriver info: driver.version: AndroidDriver\nBuild info: version: '3.141.59', revision: 'e82be7d358', time: '2018-11-14T08:17:03'\nSystem info: host: 'Sankalans-MacBook-Pro.local', ip: 'fe80:0:0:0:10c0:553b:b029:d280%en0', os.name: 'Mac OS X', os.arch: 'x86_64', os.version: '10.16', java.version: '1.8.0_202'\nDriver info: driver.version: AndroidDriver\n\tat io.appium.java_client.remote.AppiumCommandExecutor$1.createSession(AppiumCommandExecutor.java:208)\n\tat io.appium.java_client.remote.AppiumCommandExecutor.createSession(AppiumCommandExecutor.java:217)\n\tat io.appium.java_client.remote.AppiumCommandExecutor.execute(AppiumCommandExecutor.java:239)\n\tat org.openqa.selenium.remote.RemoteWebDriver.execute(RemoteWebDriver.java:552)\n\tat io.appium.java_client.DefaultGenericMobileDriver.execute(DefaultGenericMobileDriver.java:42)\n\tat io.appium.java_client.AppiumDriver.execute(AppiumDriver.java:1)\n\tat io.appium.java_client.android.AndroidDriver.execute(AndroidDriver.java:1)\n\tat org.openqa.selenium.remote.RemoteWebDriver.startSession(RemoteWebDriver.java:213)\n\tat org.openqa.selenium.remote.RemoteWebDriver.<init>(RemoteWebDriver.java:131)\n\tat io.appium.java_client.DefaultGenericMobileDriver.<init>(DefaultGenericMobileDriver.java:38)\n\tat io.appium.java_client.AppiumDriver.<init>(AppiumDriver.java:84)\n\tat io.appium.java_client.AppiumDriver.<init>(AppiumDriver.java:94)\n\tat io.appium.java_client.android.AndroidDriver.<init>(AndroidDriver.java:95)\n\tat org.getopentest.appium.core.AppiumHelper.createDriver(AppiumHelper.java:99)\n\tat org.getopentest.appium.core.AppiumHelper.createDriverWithRetries(AppiumHelper.java:127)\n\tat org.getopentest.appium.core.AppiumHelper.getDriver(AppiumHelper.java:198)\n\tat org.getopentest.appium.core.AppiumTestAction.<init>(AppiumTestAction.java:53)\n\tat org.getopentest.appium.LaunchApp.<init>(LaunchApp.java:14)\n\t... 10 more\nCaused by: java.lang.reflect.InvocationTargetException\n\tat sun.reflect.NativeMethodAccessorImpl.invoke0(Native Method)\n\tat sun.reflect.NativeMethodAccessorImpl.invoke(NativeMethodAccessorImpl.java:62)\n\tat sun.reflect.DelegatingMethodAccessorImpl.invoke(DelegatingMethodAccessorImpl.java:43)\n\tat java.lang.reflect.Method.invoke(Method.java:498)\n\tat io.appium.java_client.remote.AppiumCommandExecutor$1.createSession(AppiumCommandExecutor.java:186)\n\t... 27 more\nCaused by: org.openqa.selenium.WebDriverException: [BROWSERSTACK_INVALID_APP_CAP] The app_url/ custom_id/ shareable_id specified in the 'app' capability in your test script is invalid. Please update the 'app' capability with a valid value and try again. (WARNING: The server did not provide any stacktrace information)\nCommand duration or timeout: 1.89 seconds\nBuild info: version: '3.141.59', revision: 'e82be7d358', time: '2018-11-14T08:17:03'\nSystem info: host: 'Sankalans-MacBook-Pro.local', ip: 'fe80:0:0:0:10c0:553b:b029:d280%en0', os.name: 'Mac OS X', os.arch: 'x86_64', os.version: '10.16', java.version: '1.8.0_202'\nDriver info: driver.version: AndroidDriver\n\tat sun.reflect.NativeConstructorAccessorImpl.newInstance0(Native Method)\n\tat sun.reflect.NativeConstructorAccessorImpl.newInstance(NativeConstructorAccessorImpl.java:62)\n\tat sun.reflect.DelegatingConstructorAccessorImpl.newInstance(DelegatingConstructorAccessorImpl.java:45)\n\tat java.lang.reflect.Constructor.newInstance(Constructor.java:423)\n\tat org.openqa.selenium.remote.ErrorHandler.createThrowable(ErrorHandler.java:214)\n\tat org.openqa.selenium.remote.ErrorHandler.throwIfResponseFailed(ErrorHandler.java:166)\n\tat org.openqa.selenium.remote.JsonWireProtocolResponse.lambda$errorHandler$0(JsonWireProtocolResponse.java:54)\n\tat org.openqa.selenium.remote.HandshakeResponse.lambda$getResponseFunction$0(HandshakeResponse.java:30)\n\tat org.openqa.selenium.remote.ProtocolHandshake.lambda$createSession$0(ProtocolHandshake.java:126)\n\tat java.util.stream.ReferencePipeline$3$1.accept(ReferencePipeline.java:193)\n\tat java.util.Spliterators$ArraySpliterator.tryAdvance(Spliterators.java:958)\n\tat java.util.stream.ReferencePipeline.forEachWithCancel(ReferencePipeline.java:126)\n\tat java.util.stream.AbstractPipeline.copyIntoWithCancel(AbstractPipeline.java:498)\n\tat java.util.stream.AbstractPipeline.copyInto(AbstractPipeline.java:485)\n\tat java.util.stream.AbstractPipeline.wrapAndCopyInto(AbstractPipeline.java:471)\n\tat java.util.stream.FindOps$FindOp.evaluateSequential(FindOps.java:152)\n\tat java.util.stream.AbstractPipeline.evaluate(AbstractPipeline.java:234)\n\tat java.util.stream.ReferencePipeline.findFirst(ReferencePipeline.java:464)\n\tat org.openqa.selenium.remote.ProtocolHandshake.createSession(ProtocolHandshake.java:128)\n\t... 32 more\n"}],"currentIteration":1,"currentSegmentIndex":0,"isDataDriven":false,"name":"Mobile app test","path":"mobile","result":"failed","status":"completed","segments":[{"index":0,"result":"passed","status":"completed","timeStarted":1651834620121,"timeCompleted":1651834620124},{"index":1,"result":"failed","status":"completed","timeStarted":1651834620133,"timeCompleted":1651834637218}],"tags":[],"timeStarted":1651834620121,"timeCompleted":1651834637218},{"actions":[{"action":"org.getopentest.selenium.NavigateTo","actorType":"ACTOR1","args":{"url":"https://github.com/"},"isCheckpoint":false,"description":"Navigate to the GitHub homepage","durationMs":17533,"macroStack":[],"result":"passed","segment":1},{"action":"org.getopentest.selenium.SendKeys","actorType":"ACTOR1","args":{"text":"react","locator":{"css":"input[name='q']"},"sendEnter":true},"isCheckpoint":false,"description":"Enter \"react\" in the search box","durationMs":4971,"macroStack":[],"result":"passed","segment":1},{"action":"org.getopentest.selenium.Click","actorType":"ACTOR1","args":{"locator":{"css":"a[href='/facebook/react']"}},"isCheckpoint":false,"description":"Click the React link in the search results","durationMs":2321,"macroStack":[],"result":"passed","segment":1},{"action":"org.getopentest.selenium.AssertElementVisible","actorType":"ACTOR1","args":{"locator":{"xpath":"//*[contains(@class,'btn')][contains(text(),'Clone')]"}},"isCheckpoint":false,"description":"Verify that the Clone button exists and is visible","durationMs":12920,"macroStack":[],"result":"failed","screenshot":"SID1651834616_ACTOR1_T02_SG01_ST04_error.png","segment":1,"stackTrace":"java.lang.RuntimeException: org.openqa.selenium.TimeoutException: Expected condition failed: waiting for visibility of element located by By.xpath: //*[contains(@class,'btn')][contains(text(),'Clone')] (tried for 10 second(s) with 500 milliseconds interval)\n\tat org.getopentest.base.TestActor.executeActionByClassName(TestActor.java:1626)\n\tat org.getopentest.base.TestActor.executeActionByDef(TestActor.java:1705)\n\tat org.getopentest.base.TestActor.executeTestSegment(TestActor.java:2073)\n\tat org.getopentest.base.TestActor.runOneSession(TestActor.java:2981)\n\tat org.getopentest.base.TestActor.runOneSession(TestActor.java:3017)\n\tat org.getopentest.Main.main(Main.java:20)\nCaused by: org.openqa.selenium.TimeoutException: Expected condition failed: waiting for visibility of element located by By.xpath: //*[contains(@class,'btn')][contains(text(),'Clone')] (tried for 10 second(s) with 500 milliseconds interval)\n\tat org.openqa.selenium.support.ui.WebDriverWait.timeoutException(WebDriverWait.java:95)\n\tat org.openqa.selenium.support.ui.FluentWait.until(FluentWait.java:272)\n\tat org.getopentest.selenium.AssertElementVisible.run(AssertElementVisible.java:20)\n\tat org.getopentest.base.TestActor.executeAction(TestActor.java:1527)\n\tat org.getopentest.base.TestActor.executeActionByClassName(TestActor.java:1603)\n\t... 5 more\nCaused by: org.openqa.selenium.NoSuchElementException: no such element: Unable to locate element: {\"method\":\"xpath\",\"selector\":\"//*[contains(@class,'btn')][contains(text(),'Clone')]\"}\n  (Session info: chrome=101.0.4951.41)\nFor documentation on this error, please visit: https://www.seleniumhq.org/exceptions/no_such_element.html\nBuild info: version: '3.141.59', revision: 'e82be7d358', time: '2018-11-14T08:17:03'\nSystem info: host: 'Sankalans-MacBook-Pro.local', ip: 'fe80:0:0:0:10c0:553b:b029:d280%en0', os.name: 'Mac OS X', os.arch: 'x86_64', os.version: '10.16', java.version: '1.8.0_202'\nDriver info: org.openqa.selenium.remote.RemoteWebDriver\nCapabilities {acceptInsecureCerts: false, browserName: chrome, browserVersion: 101.0.4951.41, chrome: {chromedriverVersion: 101.0.4951.15 (0dcf182bd388..., userDataDir: C:\\Windows\\proxy\\scoped_dir...}, goog:chromeOptions: {debuggerAddress: localhost:7661}, javascriptEnabled: true, networkConnectionEnabled: false, pageLoadStrategy: normal, platform: WINDOWS, platformName: WINDOWS, proxy: Proxy(), setWindowRect: true, strictFileInteractability: false, timeouts: {implicit: 0, pageLoad: 300000, script: 30000}, unhandledPromptBehavior: dismiss and notify, webauthn:extension:credBlob: true, webauthn:extension:largeBlob: true, webauthn:virtualAuthenticators: true, webdriver.remote.sessionid: 2930bd512d5b78a4f5e4ec6daf8...}\nSession ID: 2930bd512d5b78a4f5e4ec6daf89dec28f7ca426\n*** Element info: {Using=xpath, value=//*[contains(@class,'btn')][contains(text(),'Clone')]}\n\tat sun.reflect.NativeConstructorAccessorImpl.newInstance0(Native Method)\n\tat sun.reflect.NativeConstructorAccessorImpl.newInstance(NativeConstructorAccessorImpl.java:62)\n\tat sun.reflect.DelegatingConstructorAccessorImpl.newInstance(DelegatingConstructorAccessorImpl.java:45)\n\tat java.lang.reflect.Constructor.newInstance(Constructor.java:423)\n\tat org.openqa.selenium.remote.http.W3CHttpResponseCodec.createException(W3CHttpResponseCodec.java:187)\n\tat org.openqa.selenium.remote.http.W3CHttpResponseCodec.decode(W3CHttpResponseCodec.java:122)\n\tat org.openqa.selenium.remote.http.W3CHttpResponseCodec.decode(W3CHttpResponseCodec.java:49)\n\tat org.openqa.selenium.remote.HttpCommandExecutor.execute(HttpCommandExecutor.java:158)\n\tat org.openqa.selenium.remote.RemoteWebDriver.execute(RemoteWebDriver.java:552)\n\tat org.openqa.selenium.remote.RemoteWebDriver.findElement(RemoteWebDriver.java:323)\n\tat org.openqa.selenium.remote.RemoteWebDriver.findElementByXPath(RemoteWebDriver.java:428)\n\tat org.openqa.selenium.By$ByXPath.findElement(By.java:353)\n\tat org.openqa.selenium.remote.RemoteWebDriver.findElement(RemoteWebDriver.java:315)\n\tat org.openqa.selenium.support.ui.ExpectedConditions$7.apply(ExpectedConditions.java:205)\n\tat org.openqa.selenium.support.ui.ExpectedConditions$7.apply(ExpectedConditions.java:201)\n\tat org.openqa.selenium.support.ui.FluentWait.until(FluentWait.java:249)\n\t... 8 more\n"}],"currentIteration":1,"currentSegmentIndex":0,"isDataDriven":false,"name":"Find the React repo on GitHub's website","path":"web","result":"failed","status":"completed","segments":[{"index":0,"result":"passed","status":"completed","timeStarted":1651834637943,"timeCompleted":1651834637947},{"index":1,"result":"failed","status":"completed","timeStarted":1651834637969,"timeCompleted":1651834675762}],"tags":[],"timeStarted":1651834637943,"timeCompleted":1651834675762}],"timeCreated":1651834616360,"timeStarted":1651834620121,"timeCompleted":1651834675763,"lastActivity":1651834675762,"_id":"bkP4LY3N51K9g3Fz","actorTags":[],"environment":"","currentDataRecordIndex":-1}
{"id":1645285193,"actors":{"4570":{"id":4570,"lastSeenTime":1645285191789,"testSessionId":1645285193,"type":"ACTOR1","tags":[],"_id":"XvpHgNawfHKjyLgF","ip":"::ffff:127.0.0.1","tests":[{"currentSegmentIndex":1,"segments":[{"index":0,"status":"completed","timeStarted":1645285197467,"timeCompleted":1645285197473,"result":"passed"},{"index":1,"status":"completed","timeStarted":1645285197499,"timeCompleted":1645285225938,"result":"failed","stackTrace":"java.lang.RuntimeException: There was an error while executing action no. 2 (org.getopentest.appium.Click) in segment 1 of test mobile/Mobile app test.\nThe action definition was:\n{\n  \"action\": \"org.getopentest.appium.Click\",\n  \"args\": {\n    \"locator\": {\n      \"id\": \"Search Wikipedia\"\n    }\n  },\n  \"description\": \"Click on Search Wikipedia button\"\n}\n\tat org.getopentest.base.TestActor.executeTestSegment(TestActor.java:2123)\n\tat org.getopentest.base.TestActor.runOneSession(TestActor.java:2981)\n\tat org.getopentest.base.TestActor.runOneSession(TestActor.java:3017)\n\tat org.getopentest.Main.main(Main.java:20)\nCaused by: java.lang.RuntimeException: Failed executing action org.getopentest.appium.Click with arguments {\"locator\":{\"id\":\"Search Wikipedia\"}}\n\tat org.getopentest.base.TestActor.executeActionByDef(TestActor.java:1821)\n\tat org.getopentest.base.TestActor.executeTestSegment(TestActor.java:2073)\n\t... 3 more\nCaused by: java.lang.RuntimeException: Failed to find test action class \"org.getopentest.appium.Click\". Most common causes to watch for are capitalization mistakes (e.g. using \"some.package.sampleAction\" instead \"some.package.SampleAction\") or spelling mistakes. If these look good, make sure the JAR file where the test action class is implemented exists in the CLASSPATH. A less common cause for this error is having a dependency conflict that prevents the test action class from instantiating.\n\tat org.getopentest.base.TestActor.executeActionByClassName(TestActor.java:1613)\n\tat org.getopentest.base.TestActor.executeActionByDef(TestActor.java:1705)\n\t... 4 more\nCaused by: java.lang.ClassNotFoundException: org.getopentest.appium.Click\n\tat java.net.URLClassLoader.findClass(URLClassLoader.java:382)\n\tat java.lang.ClassLoader.loadClass(ClassLoader.java:424)\n\tat sun.misc.Launcher$AppClassLoader.loadClass(Launcher.java:349)\n\tat java.lang.ClassLoader.loadClass(ClassLoader.java:357)\n\tat java.lang.Class.forName0(Native Method)\n\tat java.lang.Class.forName(Class.java:264)\n\tat org.getopentest.base.TestActor.executeActionByClassName(TestActor.java:1598)\n\t... 5 more\n"}],"name":"Mobile app test","path":"mobile","timeCompleted":null,"timeStarted":1645285197467}]}},"maxIterations":"1","currentIteration":1,"currentTestIndex":1,"currentSegmentIndex":0,"label":"Mobile_Test 4","result":"failed","status":"completed","tests":[{"actions":[{"action":"org.getopentest.appium.LaunchApp","actorType":"ACTOR1","args":{},"isCheckpoint":false,"description":"Launch the mobile app","durationMs":27897,"macroStack":[],"result":"passed","segment":1},{"action":"org.getopentest.appium.Click","actorType":"ACTOR1","args":{"locator":{"id":"Search Wikipedia"}},"isCheckpoint":false,"description":"Click on Search Wikipedia button","durationMs":510,"macroStack":[],"result":"failed","screenshot":"SID1645285193_ACTOR1_T01_SG01_ST02_error.png","segment":1,"stackTrace":"java.lang.RuntimeException: Failed to find test action class \"org.getopentest.appium.Click\". Most common causes to watch for are capitalization mistakes (e.g. using \"some.package.sampleAction\" instead \"some.package.SampleAction\") or spelling mistakes. If these look good, make sure the JAR file where the test action class is implemented exists in the CLASSPATH. A less common cause for this error is having a dependency conflict that prevents the test action class from instantiating.\n\tat org.getopentest.base.TestActor.executeActionByClassName(TestActor.java:1613)\n\tat org.getopentest.base.TestActor.executeActionByDef(TestActor.java:1705)\n\tat org.getopentest.base.TestActor.executeTestSegment(TestActor.java:2073)\n\tat org.getopentest.base.TestActor.runOneSession(TestActor.java:2981)\n\tat org.getopentest.base.TestActor.runOneSession(TestActor.java:3017)\n\tat org.getopentest.Main.main(Main.java:20)\nCaused by: java.lang.ClassNotFoundException: org.getopentest.appium.Click\n\tat java.net.URLClassLoader.findClass(URLClassLoader.java:382)\n\tat java.lang.ClassLoader.loadClass(ClassLoader.java:424)\n\tat sun.misc.Launcher$AppClassLoader.loadClass(Launcher.java:349)\n\tat java.lang.ClassLoader.loadClass(ClassLoader.java:357)\n\tat java.lang.Class.forName0(Native Method)\n\tat java.lang.Class.forName(Class.java:264)\n\tat org.getopentest.base.TestActor.executeActionByClassName(TestActor.java:1598)\n\t... 5 more\n"}],"currentIteration":1,"currentSegmentIndex":0,"isDataDriven":false,"name":"Mobile app test","path":"mobile","result":"failed","status":"completed","segments":[{"index":0,"result":"passed","status":"completed","timeStarted":1645285197467,"timeCompleted":1645285197473},{"index":1,"result":"failed","status":"completed","timeStarted":1645285197499,"timeCompleted":1645285225938}],"tags":[],"timeStarted":1645285197467,"timeCompleted":1645285225938}],"timeCreated":1645285193455,"timeStarted":1645285197467,"timeCompleted":1645285225938,"lastActivity":1645285225938,"_id":"g28NC8VO2QwXGZlw","actorTags":[],"environment":"","currentDataRecordIndex":-1}
{"id":1645157164,"actors":{"45838":{"id":45838,"lastSeenTime":1645157161763,"testSessionId":1645157164,"type":"ACTOR1","tags":[],"_id":"YDAETuOWcr0SiRr2","ip":"::ffff:127.0.0.1","tests":[{"currentSegmentIndex":1,"segments":[{"index":0,"status":"completed","timeStarted":1645157167514,"timeCompleted":1645157167517,"result":"passed"},{"index":1,"status":"completed","timeStarted":1645157167526,"timeCompleted":1645157168631,"result":"passed"}],"name":"GitHub API test","path":"api","timeCompleted":null,"timeStarted":1645157167514},{"currentSegmentIndex":1,"segments":[{"index":0,"status":"completed","timeStarted":1645157170932,"timeCompleted":1645157170941,"result":"passed"},{"index":1,"status":"completed","timeStarted":1645157170955,"timeCompleted":1645157171419,"result":"passed"}],"name":"Using an external JavaScript file","path":"other","timeCompleted":null,"timeStarted":1645157170932}]}},"maxIterations":1,"currentIteration":1,"currentTestIndex":2,"currentSegmentIndex":0,"label":"Quick start tests","result":"passed","status":"completed","tests":[{"actions":[{"action":"org.getopentest.actions.HttpRequest","actorType":"ACTOR1","args":{"verb":"GET","d$localData":{"branches":"$output.body;"},"url":"https://api.github.com/repos/facebook/react/branches"},"isCheckpoint":false,"description":"Call the GET /repos/:owner/:repo/branches API","durationMs":873,"macroStack":[],"result":"passed","segment":1},{"action":"org.getopentest.base.ScriptAction","actorType":"ACTOR1","args":{},"isCheckpoint":false,"description":"Verify that the branches array was returned and is not empty","durationMs":145,"macroStack":[],"result":"passed","segment":1}],"currentIteration":1,"currentSegmentIndex":0,"isDataDriven":false,"name":"GitHub API test","path":"api","result":"passed","status":"completed","segments":[{"index":0,"result":"passed","status":"completed","timeStarted":1645157167514,"timeCompleted":1645157167517},{"index":1,"result":"passed","status":"completed","timeStarted":1645157167526,"timeCompleted":1645157168631}],"tags":[],"timeStarted":1645157167514,"timeCompleted":1645157168631},{"actions":[{"action":"org.getopentest.base.ScriptAction","actorType":"ACTOR1","args":{},"isCheckpoint":false,"description":"Calculate the time and date for exactly one week from now","durationMs":451,"macroStack":[],"result":"passed","segment":1}],"currentIteration":1,"currentSegmentIndex":0,"isDataDriven":false,"name":"Using an external JavaScript file","path":"other","result":"passed","status":"completed","segments":[{"index":0,"result":"passed","status":"completed","timeStarted":1645157170932,"timeCompleted":1645157170941},{"index":1,"result":"passed","status":"completed","timeStarted":1645157170955,"timeCompleted":1645157171419}],"tags":[],"timeStarted":1645157170932,"timeCompleted":1645157171419}],"timeCreated":1645157164006,"timeStarted":1645157167514,"timeCompleted":1645157171419,"lastActivity":1645157171418,"_id":"ln3SeCESEnyxBlV9","actorTags":[],"environment":"","currentDataRecordIndex":-1}
{"id":1645284652,"actors":{"21130":{"id":21130,"lastSeenTime":1645284652251,"testSessionId":1645284652,"type":"ACTOR1","tags":[],"_id":"k6YrfPGoZv2sikgE","ip":"::ffff:127.0.0.1","tests":[{"currentSegmentIndex":1,"segments":[{"index":0,"status":"completed","timeStarted":1645284657847,"timeCompleted":1645284657849,"result":"passed"},{"index":1,"status":"completed","timeStarted":1645284657859,"timeCompleted":1645284658002,"result":"failed","stackTrace":"java.lang.RuntimeException: There was an error while executing action no. 1 (org.getopentest.appium.Click) in segment 1 of test mobile/Mobile app test.\nThe action definition was:\n{\n  \"action\": \"org.getopentest.appium.Click\",\n  \"args\": {\n    \"locator\": {\n      \"id\": \"Search Wikipedia\"\n    }\n  },\n  \"description\": \"Click on Search Wikipedia button\"\n}\n\tat org.getopentest.base.TestActor.executeTestSegment(TestActor.java:2123)\n\tat org.getopentest.base.TestActor.runOneSession(TestActor.java:2981)\n\tat org.getopentest.base.TestActor.runOneSession(TestActor.java:3017)\n\tat org.getopentest.Main.main(Main.java:20)\nCaused by: java.lang.RuntimeException: Failed executing action org.getopentest.appium.Click (arguments not available because the current action instance was not populated)\n\tat org.getopentest.base.TestActor.executeActionByDef(TestActor.java:1821)\n\tat org.getopentest.base.TestActor.executeTestSegment(TestActor.java:2073)\n\t... 3 more\nCaused by: java.lang.RuntimeException: Failed to find test action class \"org.getopentest.appium.Click\". Most common causes to watch for are capitalization mistakes (e.g. using \"some.package.sampleAction\" instead \"some.package.SampleAction\") or spelling mistakes. If these look good, make sure the JAR file where the test action class is implemented exists in the CLASSPATH. A less common cause for this error is having a dependency conflict that prevents the test action class from instantiating.\n\tat org.getopentest.base.TestActor.executeActionByClassName(TestActor.java:1613)\n\tat org.getopentest.base.TestActor.executeActionByDef(TestActor.java:1705)\n\t... 4 more\nCaused by: java.lang.ClassNotFoundException: org.getopentest.appium.Click\n\tat java.net.URLClassLoader.findClass(URLClassLoader.java:382)\n\tat java.lang.ClassLoader.loadClass(ClassLoader.java:424)\n\tat sun.misc.Launcher$AppClassLoader.loadClass(Launcher.java:349)\n\tat java.lang.ClassLoader.loadClass(ClassLoader.java:357)\n\tat java.lang.Class.forName0(Native Method)\n\tat java.lang.Class.forName(Class.java:264)\n\tat org.getopentest.base.TestActor.executeActionByClassName(TestActor.java:1598)\n\t... 5 more\n"}],"name":"Mobile app test","path":"mobile","timeCompleted":null,"timeStarted":1645284657846}]}},"maxIterations":"1","currentIteration":1,"currentTestIndex":1,"currentSegmentIndex":0,"label":"Mobile_Test 2","result":"failed","status":"completed","tests":[{"actions":[{"action":"org.getopentest.appium.Click","actorType":"ACTOR1","args":{"locator":{"id":"Search Wikipedia"}},"isCheckpoint":false,"description":"Click on Search Wikipedia button","durationMs":4,"macroStack":[],"result":"failed","segment":1,"stackTrace":"java.lang.RuntimeException: Failed to find test action class \"org.getopentest.appium.Click\". Most common causes to watch for are capitalization mistakes (e.g. using \"some.package.sampleAction\" instead \"some.package.SampleAction\") or spelling mistakes. If these look good, make sure the JAR file where the test action class is implemented exists in the CLASSPATH. A less common cause for this error is having a dependency conflict that prevents the test action class from instantiating.\n\tat org.getopentest.base.TestActor.executeActionByClassName(TestActor.java:1613)\n\tat org.getopentest.base.TestActor.executeActionByDef(TestActor.java:1705)\n\tat org.getopentest.base.TestActor.executeTestSegment(TestActor.java:2073)\n\tat org.getopentest.base.TestActor.runOneSession(TestActor.java:2981)\n\tat org.getopentest.base.TestActor.runOneSession(TestActor.java:3017)\n\tat org.getopentest.Main.main(Main.java:20)\nCaused by: java.lang.ClassNotFoundException: org.getopentest.appium.Click\n\tat java.net.URLClassLoader.findClass(URLClassLoader.java:382)\n\tat java.lang.ClassLoader.loadClass(ClassLoader.java:424)\n\tat sun.misc.Launcher$AppClassLoader.loadClass(Launcher.java:349)\n\tat java.lang.ClassLoader.loadClass(ClassLoader.java:357)\n\tat java.lang.Class.forName0(Native Method)\n\tat java.lang.Class.forName(Class.java:264)\n\tat org.getopentest.base.TestActor.executeActionByClassName(TestActor.java:1598)\n\t... 5 more\n"}],"currentIteration":1,"currentSegmentIndex":0,"isDataDriven":false,"name":"Mobile app test","path":"mobile","result":"failed","status":"completed","segments":[{"index":0,"result":"passed","status":"completed","timeStarted":1645284657847,"timeCompleted":1645284657849},{"index":1,"result":"failed","status":"completed","timeStarted":1645284657859,"timeCompleted":1645284658002}],"tags":[],"timeStarted":1645284657847,"timeCompleted":1645284658002}],"timeCreated":1645284652424,"timeStarted":1645284657847,"timeCompleted":1645284658002,"lastActivity":1645284658002,"_id":"r4yWCFZBfdAE5duX","actorTags":[],"environment":"","currentDataRecordIndex":-1}
{"id":1645441237,"actors":{"19421":{"id":19421,"lastSeenTime":1645441235786,"testSessionId":1645441237,"type":"ACTOR1","tags":[],"_id":"OcWDJk0nO3eoSSZ4","ip":"::ffff:127.0.0.1","tests":[{"currentSegmentIndex":1,"segments":[{"index":0,"status":"completed","timeStarted":1645441241471,"timeCompleted":1645441241474,"result":"passed"},{"index":1,"status":"completed","timeStarted":1645441241485,"timeCompleted":1645441288858,"result":"passed"}],"name":"Mobile app test","path":"mobile","timeCompleted":null,"timeStarted":1645441241471}]}},"maxIterations":"1","currentIteration":1,"currentTestIndex":1,"currentSegmentIndex":0,"label":"Mobile_Test 6","result":"passed","status":"completed","tests":[{"actions":[{"action":"org.getopentest.appium.LaunchApp","actorType":"ACTOR1","args":{},"isCheckpoint":false,"description":"Launch the mobile app","durationMs":36171,"macroStack":[],"result":"passed","segment":1},{"action":"org.getopentest.appium.Tap","actorType":"ACTOR1","args":{"locator":{"xpath":"//*[@content-desc=\"Search Wikipedia\"]"}},"isCheckpoint":false,"description":"Click on Search Wikipedia button","durationMs":4262,"macroStack":[],"result":"passed","segment":1},{"action":"org.getopentest.appium.SendKeys","actorType":"ACTOR1","args":{"locator":{"id":"org.wikipedia.alpha:id/search_src_text"},"text":"BrowserStack"},"isCheckpoint":false,"description":"Enter Search Text","durationMs":6883,"macroStack":[],"result":"passed","segment":1}],"currentIteration":1,"currentSegmentIndex":0,"isDataDriven":false,"name":"Mobile app test","path":"mobile","result":"passed","status":"completed","segments":[{"index":0,"result":"passed","status":"completed","timeStarted":1645441241471,"timeCompleted":1645441241474},{"index":1,"result":"passed","status":"completed","timeStarted":1645441241485,"timeCompleted":1645441288858}],"tags":[],"timeStarted":1645441241471,"timeCompleted":1645441288858}],"timeCreated":1645441237498,"timeStarted":1645441241471,"timeCompleted":1645441288858,"lastActivity":1645441288855,"_id":"s6mfkwwi22fyQAfm","actorTags":[],"environment":"","currentDataRecordIndex":-1}
{"id":1645171426,"actors":{"48416":{"id":48416,"lastSeenTime":1645171421488,"testSessionId":1645171426,"type":"ACTOR1","tags":[],"_id":"bZG8hsvDNQsUt0iE","ip":"::ffff:127.0.0.1","tests":[{"currentSegmentIndex":1,"segments":[{"index":0,"status":"completed","timeStarted":1645171427093,"timeCompleted":1645171427098,"result":"passed"},{"index":1,"status":"completed","timeStarted":1645171427113,"timeCompleted":1645171427142,"result":"failed","stackTrace":"java.lang.RuntimeException: There was an error while executing action no. 1 (org.getopentest.appium.Click) in segment 1 of test mobile/Mobile app test.\nThe action definition was:\n{\n  \"action\": \"org.getopentest.appium.Click\",\n  \"args\": {\n    \"locator\": {\n      \"id\": \"Search Wikipedia\"\n    }\n  },\n  \"description\": \"Click on Search Wikipedia button\"\n}\n\tat org.getopentest.base.TestActor.executeTestSegment(TestActor.java:2123)\n\tat org.getopentest.base.TestActor.runOneSession(TestActor.java:2981)\n\tat org.getopentest.base.TestActor.runOneSession(TestActor.java:3017)\n\tat org.getopentest.Main.main(Main.java:20)\nCaused by: java.lang.RuntimeException: Failed executing action org.getopentest.appium.Click (arguments not available because the current action instance was not populated)\n\tat org.getopentest.base.TestActor.executeActionByDef(TestActor.java:1821)\n\tat org.getopentest.base.TestActor.executeTestSegment(TestActor.java:2073)\n\t... 3 more\nCaused by: java.lang.RuntimeException: Failed to find test action class \"org.getopentest.appium.Click\". Most common causes to watch for are capitalization mistakes (e.g. using \"some.package.sampleAction\" instead \"some.package.SampleAction\") or spelling mistakes. If these look good, make sure the JAR file where the test action class is implemented exists in the CLASSPATH. A less common cause for this error is having a dependency conflict that prevents the test action class from instantiating.\n\tat org.getopentest.base.TestActor.executeActionByClassName(TestActor.java:1613)\n\tat org.getopentest.base.TestActor.executeActionByDef(TestActor.java:1705)\n\t... 4 more\nCaused by: java.lang.ClassNotFoundException: org.getopentest.appium.Click\n\tat java.net.URLClassLoader.findClass(URLClassLoader.java:382)\n\tat java.lang.ClassLoader.loadClass(ClassLoader.java:424)\n\tat sun.misc.Launcher$AppClassLoader.loadClass(Launcher.java:349)\n\tat java.lang.ClassLoader.loadClass(ClassLoader.java:357)\n\tat java.lang.Class.forName0(Native Method)\n\tat java.lang.Class.forName(Class.java:264)\n\tat org.getopentest.base.TestActor.executeActionByClassName(TestActor.java:1598)\n\t... 5 more\n"}],"name":"Mobile app test","path":"mobile","timeCompleted":null,"timeStarted":1645171427093}]}},"maxIterations":"1","currentIteration":1,"currentTestIndex":1,"currentSegmentIndex":0,"label":"Mobile_Session","result":"failed","status":"completed","tests":[{"actions":[{"action":"org.getopentest.appium.Click","actorType":"ACTOR1","args":{"locator":{"id":"Search Wikipedia"}},"isCheckpoint":false,"description":"Click on Search Wikipedia button","durationMs":4,"macroStack":[],"result":"failed","segment":1,"stackTrace":"java.lang.RuntimeException: Failed to find test action class \"org.getopentest.appium.Click\". Most common causes to watch for are capitalization mistakes (e.g. using \"some.package.sampleAction\" instead \"some.package.SampleAction\") or spelling mistakes. If these look good, make sure the JAR file where the test action class is implemented exists in the CLASSPATH. A less common cause for this error is having a dependency conflict that prevents the test action class from instantiating.\n\tat org.getopentest.base.TestActor.executeActionByClassName(TestActor.java:1613)\n\tat org.getopentest.base.TestActor.executeActionByDef(TestActor.java:1705)\n\tat org.getopentest.base.TestActor.executeTestSegment(TestActor.java:2073)\n\tat org.getopentest.base.TestActor.runOneSession(TestActor.java:2981)\n\tat org.getopentest.base.TestActor.runOneSession(TestActor.java:3017)\n\tat org.getopentest.Main.main(Main.java:20)\nCaused by: java.lang.ClassNotFoundException: org.getopentest.appium.Click\n\tat java.net.URLClassLoader.findClass(URLClassLoader.java:382)\n\tat java.lang.ClassLoader.loadClass(ClassLoader.java:424)\n\tat sun.misc.Launcher$AppClassLoader.loadClass(Launcher.java:349)\n\tat java.lang.ClassLoader.loadClass(ClassLoader.java:357)\n\tat java.lang.Class.forName0(Native Method)\n\tat java.lang.Class.forName(Class.java:264)\n\tat org.getopentest.base.TestActor.executeActionByClassName(TestActor.java:1598)\n\t... 5 more\n"}],"currentIteration":1,"currentSegmentIndex":0,"isDataDriven":false,"name":"Mobile app test","path":"mobile","result":"failed","status":"completed","segments":[{"index":0,"result":"passed","status":"completed","timeStarted":1645171427093,"timeCompleted":1645171427098},{"index":1,"result":"failed","status":"completed","timeStarted":1645171427113,"timeCompleted":1645171427142}],"tags":[],"timeStarted":1645171427093,"timeCompleted":1645171427142}],"timeCreated":1645171426230,"timeStarted":1645171427093,"timeCompleted":1645171427143,"lastActivity":1645171427142,"_id":"trLgBqJo4ruoKmnw","actorTags":[],"environment":"","currentDataRecordIndex":-1}
{"id":1645285356,"actors":{"4570":{"id":4570,"lastSeenTime":1645285352868,"testSessionId":1645285356,"type":"ACTOR1","tags":[],"_id":"XvpHgNawfHKjyLgF","ip":"::ffff:127.0.0.1","tests":[{"currentSegmentIndex":1,"segments":[{"index":0,"status":"completed","timeStarted":1645285358462,"timeCompleted":1645285358464,"result":"passed"},{"index":1,"status":"completed","timeStarted":1645285358472,"timeCompleted":1645285417691,"result":"failed","stackTrace":"java.lang.RuntimeException: There was an error while executing action no. 2 (org.getopentest.appium.Tap) in segment 1 of test mobile/Mobile app test.\nThe action definition was:\n{\n  \"action\": \"org.getopentest.appium.Tap\",\n  \"args\": {\n    \"locator\": {\n      \"id\": \"Search Wikipedia\"\n    }\n  },\n  \"description\": \"Click on Search Wikipedia button\"\n}\n\tat org.getopentest.base.TestActor.executeTestSegment(TestActor.java:2123)\n\tat org.getopentest.base.TestActor.runOneSession(TestActor.java:2981)\n\tat org.getopentest.base.TestActor.runOneSession(TestActor.java:3017)\n\tat org.getopentest.Main.main(Main.java:20)\nCaused by: java.lang.RuntimeException: Failed executing action org.getopentest.appium.Tap with arguments {\"locator\":{\"id\":\"Search Wikipedia\"}}\n\tat org.getopentest.base.TestActor.executeActionByDef(TestActor.java:1821)\n\tat org.getopentest.base.TestActor.executeTestSegment(TestActor.java:2073)\n\t... 3 more\nCaused by: java.lang.RuntimeException: java.lang.RuntimeException: We were not able to validate visibility of element By.id: Search Wikipedia\n\tat org.getopentest.base.TestActor.executeActionByClassName(TestActor.java:1626)\n\tat org.getopentest.base.TestActor.executeActionByDef(TestActor.java:1705)\n\t... 4 more\nCaused by: java.lang.RuntimeException: We were not able to validate visibility of element By.id: Search Wikipedia\n\tat org.getopentest.appium.core.AppiumTestAction.swipe(AppiumTestAction.java:534)\n\tat org.getopentest.appium.core.AppiumTestAction.swipeAndCheckElementVisible(AppiumTestAction.java:388)\n\tat org.getopentest.appium.Tap.run(Tap.java:24)\n\tat org.getopentest.base.TestActor.executeAction(TestActor.java:1527)\n\tat org.getopentest.base.TestActor.executeActionByClassName(TestActor.java:1603)\n\t... 5 more\n"}],"name":"Mobile app test","path":"mobile","timeCompleted":null,"timeStarted":1645285358462}]}},"maxIterations":"1","currentIteration":1,"currentTestIndex":1,"currentSegmentIndex":0,"label":"Mobile_Test 4","result":"failed","status":"completed","tests":[{"actions":[{"action":"org.getopentest.appium.LaunchApp","actorType":"ACTOR1","args":{},"isCheckpoint":false,"description":"Launch the mobile app","durationMs":25632,"macroStack":[],"result":"passed","segment":1},{"action":"org.getopentest.appium.Tap","actorType":"ACTOR1","args":{"locator":{"id":"Search Wikipedia"}},"isCheckpoint":false,"description":"Click on Search Wikipedia button","durationMs":33559,"macroStack":[],"result":"failed","screenshot":"SID1645285356_ACTOR1_T01_SG01_ST02_error.png","segment":1,"stackTrace":"java.lang.RuntimeException: java.lang.RuntimeException: We were not able to validate visibility of element By.id: Search Wikipedia\n\tat org.getopentest.base.TestActor.executeActionByClassName(TestActor.java:1626)\n\tat org.getopentest.base.TestActor.executeActionByDef(TestActor.java:1705)\n\tat org.getopentest.base.TestActor.executeTestSegment(TestActor.java:2073)\n\tat org.getopentest.base.TestActor.runOneSession(TestActor.java:2981)\n\tat org.getopentest.base.TestActor.runOneSession(TestActor.java:3017)\n\tat org.getopentest.Main.main(Main.java:20)\nCaused by: java.lang.RuntimeException: We were not able to validate visibility of element By.id: Search Wikipedia\n\tat org.getopentest.appium.core.AppiumTestAction.swipe(AppiumTestAction.java:534)\n\tat org.getopentest.appium.core.AppiumTestAction.swipeAndCheckElementVisible(AppiumTestAction.java:388)\n\tat org.getopentest.appium.Tap.run(Tap.java:24)\n\tat org.getopentest.base.TestActor.executeAction(TestActor.java:1527)\n\tat org.getopentest.base.TestActor.executeActionByClassName(TestActor.java:1603)\n\t... 5 more\n"}],"currentIteration":1,"currentSegmentIndex":0,"isDataDriven":false,"name":"Mobile app test","path":"mobile","result":"failed","status":"completed","segments":[{"index":0,"result":"passed","status":"completed","timeStarted":1645285358462,"timeCompleted":1645285358464},{"index":1,"result":"failed","status":"completed","timeStarted":1645285358472,"timeCompleted":1645285417691}],"tags":[],"timeStarted":1645285358462,"timeCompleted":1645285417691}],"timeCreated":1645285355518,"timeStarted":1645285358462,"timeCompleted":1645285417691,"lastActivity":1645285417691,"_id":"wpJG9n5TVHkEuc6l","actorTags":[],"environment":"","currentDataRecordIndex":-1}
